<?xml version="1.0" encoding="UTF-8"?>
<!-- Generated by org.testng.reporters.JUnitXMLReporter -->
<testsuite hostname="DESKTOP-SHS08M3" name="Test" tests="4" failures="2" timestamp="2 May 2018 18:38:28 GMT" time="25.797" errors="0">
  <testcase name="test" time="3.711" classname="TestModule1.Login"/>
  <testcase name="test" time="3.273" classname="TestModule1.Login"/>
  <testcase name="test" time="15.487" classname="TestModule1.Login">
    <failure type="org.openqa.selenium.NoSuchElementException" message="no such element: Unable to locate element: {&amp;quot;method&amp;quot;:&amp;quot;id&amp;quot;,&amp;quot;selector&amp;quot;:&amp;quot;txtUsername&amp;quot;}
  (Session info: chrome=66.0.3359.139)
  (Driver info: chromedriver=2.35.528161 (5b82f2d2aae0ca24b877009200ced9065a772e73),platform=Windows NT 10.0.10586 x86_64) (WARNING: The server did not provide any stacktrace information)
Command duration or timeout: 10.05 seconds
For documentation on this error, please visit: http://seleniumhq.org/exceptions/no_such_element.html
Build info: version: &amp;apos;2.53.0&amp;apos;, revision: &amp;apos;35ae25b&amp;apos;, time: &amp;apos;2016-03-15 16:57:40&amp;apos;
System info: host: &amp;apos;DESKTOP-SHS08M3&amp;apos;, ip: &amp;apos;192.168.43.17&amp;apos;, os.name: &amp;apos;Windows 8.1&amp;apos;, os.arch: &amp;apos;amd64&amp;apos;, os.version: &amp;apos;6.3&amp;apos;, java.version: &amp;apos;1.8.0_20&amp;apos;
Driver info: org.openqa.selenium.chrome.ChromeDriver
Capabilities [{applicationCacheEnabled=false, rotatable=false, mobileEmulationEnabled=false, networkConnectionEnabled=false, chrome={chromedriverVersion=2.35.528161 (5b82f2d2aae0ca24b877009200ced9065a772e73), userDataDir=C:\Users\sunil\AppData\Local\Temp\scoped_dir18252_1907}, takesHeapSnapshot=true, pageLoadStrategy=normal, databaseEnabled=false, handlesAlerts=true, hasTouchScreen=false, version=66.0.3359.139, platform=WIN8_1, browserConnectionEnabled=false, nativeEvents=true, acceptSslCerts=false, acceptInsecureCerts=false, locationContextEnabled=true, webStorageEnabled=true, browserName=chrome, takesScreenshot=true, javascriptEnabled=true, cssSelectorsEnabled=true, setWindowRect=true, unexpectedAlertBehaviour=}]
Session ID: 8dab44f2071974fbe172d38e265b581f
*** Element info: {Using=id, value=txtUsername}">
      <![CDATA[org.openqa.selenium.NoSuchElementException: no such element: Unable to locate element: {"method":"id","selector":"txtUsername"}
  (Session info: chrome=66.0.3359.139)
  (Driver info: chromedriver=2.35.528161 (5b82f2d2aae0ca24b877009200ced9065a772e73),platform=Windows NT 10.0.10586 x86_64) (WARNING: The server did not provide any stacktrace information)
Command duration or timeout: 10.05 seconds
For documentation on this error, please visit: http://seleniumhq.org/exceptions/no_such_element.html
Build info: version: '2.53.0', revision: '35ae25b', time: '2016-03-15 16:57:40'
System info: host: 'DESKTOP-SHS08M3', ip: '192.168.43.17', os.name: 'Windows 8.1', os.arch: 'amd64', os.version: '6.3', java.version: '1.8.0_20'
Driver info: org.openqa.selenium.chrome.ChromeDriver
Capabilities [{applicationCacheEnabled=false, rotatable=false, mobileEmulationEnabled=false, networkConnectionEnabled=false, chrome={chromedriverVersion=2.35.528161 (5b82f2d2aae0ca24b877009200ced9065a772e73), userDataDir=C:\Users\sunil\AppData\Local\Temp\scoped_dir18252_1907}, takesHeapSnapshot=true, pageLoadStrategy=normal, databaseEnabled=false, handlesAlerts=true, hasTouchScreen=false, version=66.0.3359.139, platform=WIN8_1, browserConnectionEnabled=false, nativeEvents=true, acceptSslCerts=false, acceptInsecureCerts=false, locationContextEnabled=true, webStorageEnabled=true, browserName=chrome, takesScreenshot=true, javascriptEnabled=true, cssSelectorsEnabled=true, setWindowRect=true, unexpectedAlertBehaviour=}]
Session ID: 8dab44f2071974fbe172d38e265b581f
*** Element info: {Using=id, value=txtUsername}
	at org.openqa.selenium.remote.ErrorHandler.createThrowable(ErrorHandler.java:206)
	at org.openqa.selenium.remote.ErrorHandler.throwIfResponseFailed(ErrorHandler.java:158)
	at org.openqa.selenium.remote.RemoteWebDriver.execute(RemoteWebDriver.java:678)
	at org.openqa.selenium.remote.RemoteWebDriver.findElement(RemoteWebDriver.java:363)
	at org.openqa.selenium.remote.RemoteWebDriver.findElementById(RemoteWebDriver.java:413)
	at org.openqa.selenium.By$ById.findElement(By.java:218)
	at org.openqa.selenium.remote.RemoteWebDriver.findElement(RemoteWebDriver.java:355)
	at POM.LoginPage.Username(LoginPage.java:21)
	at TestModule1.Login.test(Login.java:30)
... Removed 28 stack frames]]>
    </failure>
  </testcase> <!-- test -->
  <testcase name="addemployeeTest" time="2.04" classname="TestModule1.addemployee">
    <failure type="java.lang.StackOverflowError">
      <![CDATA[java.lang.StackOverflowError
	at POM.addEmployee.Admin(addEmployee.java:31)
	at POM.addEmployee.Admin(addEmployee.java:32)
	at POM.addEmployee.Admin(addEmployee.java:32)
	at POM.addEmployee.Admin(addEmployee.java:32)
	at POM.addEmployee.Admin(addEmployee.java:32)
	at POM.addEmployee.Admin(addEmployee.java:32)
	at POM.addEmployee.Admin(addEmployee.java:32)
	at POM.addEmployee.Admin(addEmployee.java:32)
	at POM.addEmployee.Admin(addEmployee.java:32)
	at POM.addEmployee.Admin(addEmployee.java:32)
	at POM.addEmployee.Admin(addEmployee.java:32)
	at POM.addEmployee.Admin(addEmployee.java:32)
	at POM.addEmployee.Admin(addEmployee.java:32)
	at POM.addEmployee.Admin(addEmployee.java:32)
	at POM.addEmployee.Admin(addEmployee.java:32)
	at POM.addEmployee.Admin(addEmployee.java:32)
	at POM.addEmployee.Admin(addEmployee.java:32)
	at POM.addEmployee.Admin(addEmployee.java:32)
	at POM.addEmployee.Admin(addEmployee.java:32)
	at POM.addEmployee.Admin(addEmployee.java:32)
	at POM.addEmployee.Admin(addEmployee.java:32)
	at POM.addEmployee.Admin(addEmployee.java:32)
	at POM.addEmployee.Admin(addEmployee.java:32)
	at POM.addEmployee.Admin(addEmployee.java:32)
	at POM.addEmployee.Admin(addEmployee.java:32)
	at POM.addEmployee.Admin(addEmployee.java:32)
	at POM.addEmployee.Admin(addEmployee.java:32)
	at POM.addEmployee.Admin(addEmployee.java:32)
	at POM.addEmployee.Admin(addEmployee.java:32)
	at POM.addEmployee.Admin(addEmployee.java:32)
	at POM.addEmployee.Admin(addEmployee.java:32)
	at POM.addEmployee.Admin(addEmployee.java:32)
	at POM.addEmployee.Admin(addEmployee.java:32)
	at POM.addEmployee.Admin(addEmployee.java:32)
	at POM.addEmployee.Admin(addEmployee.java:32)
	at POM.addEmployee.Admin(addEmployee.java:32)
	at POM.addEmployee.Admin(addEmployee.java:32)
	at POM.addEmployee.Admin(addEmployee.java:32)
	at POM.addEmployee.Admin(addEmployee.java:32)
	at POM.addEmployee.Admin(addEmployee.java:32)
	at POM.addEmployee.Admin(addEmployee.java:32)
	at POM.addEmployee.Admin(addEmployee.java:32)
	at POM.addEmployee.Admin(addEmployee.java:32)
	at POM.addEmployee.Admin(addEmployee.java:32)
	at POM.addEmployee.Admin(addEmployee.java:32)
	at POM.addEmployee.Admin(addEmployee.java:32)
	at POM.addEmployee.Admin(addEmployee.java:32)
	at POM.addEmployee.Admin(addEmployee.java:32)
	at POM.addEmployee.Admin(addEmployee.java:32)
	at POM.addEmployee.Admin(addEmployee.java:32)
	at POM.addEmployee.Admin(addEmployee.java:32)
	at POM.addEmployee.Admin(addEmployee.java:32)
	at POM.addEmployee.Admin(addEmployee.java:32)
	at POM.addEmployee.Admin(addEmployee.java:32)
	at POM.addEmployee.Admin(addEmployee.java:32)
	at POM.addEmployee.Admin(addEmployee.java:32)
	at POM.addEmployee.Admin(addEmployee.java:32)
	at POM.addEmployee.Admin(addEmployee.java:32)
	at POM.addEmployee.Admin(addEmployee.java:32)
	at POM.addEmployee.Admin(addEmployee.java:32)
	at POM.addEmployee.Admin(addEmployee.java:32)
	at POM.addEmployee.Admin(addEmployee.java:32)
	at POM.addEmployee.Admin(addEmployee.java:32)
	at POM.addEmployee.Admin(addEmployee.java:32)
	at POM.addEmployee.Admin(addEmployee.java:32)
	at POM.addEmployee.Admin(addEmployee.java:32)
	at POM.addEmployee.Admin(addEmployee.java:32)
	at POM.addEmployee.Admin(addEmployee.java:32)
	at POM.addEmployee.Admin(addEmployee.java:32)
	at POM.addEmployee.Admin(addEmployee.java:32)
	at POM.addEmployee.Admin(addEmployee.java:32)
	at POM.addEmployee.Admin(addEmployee.java:32)
	at POM.addEmployee.Admin(addEmployee.java:32)
	at POM.addEmployee.Admin(addEmployee.java:32)
	at POM.addEmployee.Admin(addEmployee.java:32)
	at POM.addEmployee.Admin(addEmployee.java:32)
	at POM.addEmployee.Admin(addEmployee.java:32)
	at POM.addEmployee.Admin(addEmployee.java:32)
	at POM.addEmployee.Admin(addEmployee.java:32)
	at POM.addEmployee.Admin(addEmployee.java:32)
	at POM.addEmployee.Admin(addEmployee.java:32)
	at POM.addEmployee.Admin(addEmployee.java:32)
	at POM.addEmployee.Admin(addEmployee.java:32)
	at POM.addEmployee.Admin(addEmployee.java:32)
	at POM.addEmployee.Admin(addEmployee.java:32)
	at POM.addEmployee.Admin(addEmployee.java:32)
	at POM.addEmployee.Admin(addEmployee.java:32)
	at POM.addEmployee.Admin(addEmployee.java:32)
	at POM.addEmployee.Admin(addEmployee.java:32)
	at POM.addEmployee.Admin(addEmployee.java:32)
	at POM.addEmployee.Admin(addEmployee.java:32)
	at POM.addEmployee.Admin(addEmployee.java:32)
	at POM.addEmployee.Admin(addEmployee.java:32)
	at POM.addEmployee.Admin(addEmployee.java:32)
	at POM.addEmployee.Admin(addEmployee.java:32)
	at POM.addEmployee.Admin(addEmployee.java:32)
	at POM.addEmployee.Admin(addEmployee.java:32)
	at POM.addEmployee.Admin(addEmployee.java:32)
	at POM.addEmployee.Admin(addEmployee.java:32)
	at POM.addEmployee.Admin(addEmployee.java:32)
	at POM.addEmployee.Admin(addEmployee.java:32)
	at POM.addEmployee.Admin(addEmployee.java:32)
	at POM.addEmployee.Admin(addEmployee.java:32)
	at POM.addEmployee.Admin(addEmployee.java:32)
	at POM.addEmployee.Admin(addEmployee.java:32)
	at POM.addEmployee.Admin(addEmployee.java:32)
	at POM.addEmployee.Admin(addEmployee.java:32)
	at POM.addEmployee.Admin(addEmployee.java:32)
	at POM.addEmployee.Admin(addEmployee.java:32)
	at POM.addEmployee.Admin(addEmployee.java:32)
	at POM.addEmployee.Admin(addEmployee.java:32)
	at POM.addEmployee.Admin(addEmployee.java:32)
	at POM.addEmployee.Admin(addEmployee.java:32)
	at POM.addEmployee.Admin(addEmployee.java:32)
	at POM.addEmployee.Admin(addEmployee.java:32)
	at POM.addEmployee.Admin(addEmployee.java:32)
	at POM.addEmployee.Admin(addEmployee.java:32)
	at POM.addEmployee.Admin(addEmployee.java:32)
	at POM.addEmployee.Admin(addEmployee.java:32)
	at POM.addEmployee.Admin(addEmployee.java:32)
	at POM.addEmployee.Admin(addEmployee.java:32)
	at POM.addEmployee.Admin(addEmployee.java:32)
	at POM.addEmployee.Admin(addEmployee.java:32)
	at POM.addEmployee.Admin(addEmployee.java:32)
	at POM.addEmployee.Admin(addEmployee.java:32)
	at POM.addEmployee.Admin(addEmployee.java:32)
	at POM.addEmployee.Admin(addEmployee.java:32)
	at POM.addEmployee.Admin(addEmployee.java:32)
	at POM.addEmployee.Admin(addEmployee.java:32)
	at POM.addEmployee.Admin(addEmployee.java:32)
	at POM.addEmployee.Admin(addEmployee.java:32)
	at POM.addEmployee.Admin(addEmployee.java:32)
	at POM.addEmployee.Admin(addEmployee.java:32)
	at POM.addEmployee.Admin(addEmployee.java:32)
	at POM.addEmployee.Admin(addEmployee.java:32)
	at POM.addEmployee.Admin(addEmployee.java:32)
	at POM.addEmployee.Admin(addEmployee.java:32)
	at POM.addEmployee.Admin(addEmployee.java:32)
	at POM.addEmployee.Admin(addEmployee.java:32)
	at POM.addEmployee.Admin(addEmployee.java:32)
	at POM.addEmployee.Admin(addEmployee.java:32)
	at POM.addEmployee.Admin(addEmployee.java:32)
	at POM.addEmployee.Admin(addEmployee.java:32)
	at POM.addEmployee.Admin(addEmployee.java:32)
	at POM.addEmployee.Admin(addEmployee.java:32)
	at POM.addEmployee.Admin(addEmployee.java:32)
	at POM.addEmployee.Admin(addEmployee.java:32)
	at POM.addEmployee.Admin(addEmployee.java:32)
	at POM.addEmployee.Admin(addEmployee.java:32)
	at POM.addEmployee.Admin(addEmployee.java:32)
	at POM.addEmployee.Admin(addEmployee.java:32)
	at POM.addEmployee.Admin(addEmployee.java:32)
	at POM.addEmployee.Admin(addEmployee.java:32)
	at POM.addEmployee.Admin(addEmployee.java:32)
	at POM.addEmployee.Admin(addEmployee.java:32)
	at POM.addEmployee.Admin(addEmployee.java:32)
	at POM.addEmployee.Admin(addEmployee.java:32)
	at POM.addEmployee.Admin(addEmployee.java:32)
	at POM.addEmployee.Admin(addEmployee.java:32)
	at POM.addEmployee.Admin(addEmployee.java:32)
	at POM.addEmployee.Admin(addEmployee.java:32)
	at POM.addEmployee.Admin(addEmployee.java:32)
	at POM.addEmployee.Admin(addEmployee.java:32)
	at POM.addEmployee.Admin(addEmployee.java:32)
	at POM.addEmployee.Admin(addEmployee.java:32)
	at POM.addEmployee.Admin(addEmployee.java:32)
	at POM.addEmployee.Admin(addEmployee.java:32)
	at POM.addEmployee.Admin(addEmployee.java:32)
	at POM.addEmployee.Admin(addEmployee.java:32)
	at POM.addEmployee.Admin(addEmployee.java:32)
	at POM.addEmployee.Admin(addEmployee.java:32)
	at POM.addEmployee.Admin(addEmployee.java:32)
	at POM.addEmployee.Admin(addEmployee.java:32)
	at POM.addEmployee.Admin(addEmployee.java:32)
	at POM.addEmployee.Admin(addEmployee.java:32)
	at POM.addEmployee.Admin(addEmployee.java:32)
	at POM.addEmployee.Admin(addEmployee.java:32)
	at POM.addEmployee.Admin(addEmployee.java:32)
	at POM.addEmployee.Admin(addEmployee.java:32)
	at POM.addEmployee.Admin(addEmployee.java:32)
	at POM.addEmployee.Admin(addEmployee.java:32)
	at POM.addEmployee.Admin(addEmployee.java:32)
	at POM.addEmployee.Admin(addEmployee.java:32)
	at POM.addEmployee.Admin(addEmployee.java:32)
	at POM.addEmployee.Admin(addEmployee.java:32)
	at POM.addEmployee.Admin(addEmployee.java:32)
	at POM.addEmployee.Admin(addEmployee.java:32)
	at POM.addEmployee.Admin(addEmployee.java:32)
	at POM.addEmployee.Admin(addEmployee.java:32)
	at POM.addEmployee.Admin(addEmployee.java:32)
	at POM.addEmployee.Admin(addEmployee.java:32)
	at POM.addEmployee.Admin(addEmployee.java:32)
	at POM.addEmployee.Admin(addEmployee.java:32)
	at POM.addEmployee.Admin(addEmployee.java:32)
	at POM.addEmployee.Admin(addEmployee.java:32)
	at POM.addEmployee.Admin(addEmployee.java:32)
	at POM.addEmployee.Admin(addEmployee.java:32)
	at POM.addEmployee.Admin(addEmployee.java:32)
	at POM.addEmployee.Admin(addEmployee.java:32)
	at POM.addEmployee.Admin(addEmployee.java:32)
	at POM.addEmployee.Admin(addEmployee.java:32)
	at POM.addEmployee.Admin(addEmployee.java:32)
	at POM.addEmployee.Admin(addEmployee.java:32)
	at POM.addEmployee.Admin(addEmployee.java:32)
	at POM.addEmployee.Admin(addEmployee.java:32)
	at POM.addEmployee.Admin(addEmployee.java:32)
	at POM.addEmployee.Admin(addEmployee.java:32)
	at POM.addEmployee.Admin(addEmployee.java:32)
	at POM.addEmployee.Admin(addEmployee.java:32)
	at POM.addEmployee.Admin(addEmployee.java:32)
	at POM.addEmployee.Admin(addEmployee.java:32)
	at POM.addEmployee.Admin(addEmployee.java:32)
	at POM.addEmployee.Admin(addEmployee.java:32)
	at POM.addEmployee.Admin(addEmployee.java:32)
	at POM.addEmployee.Admin(addEmployee.java:32)
	at POM.addEmployee.Admin(addEmployee.java:32)
	at POM.addEmployee.Admin(addEmployee.java:32)
	at POM.addEmployee.Admin(addEmployee.java:32)
	at POM.addEmployee.Admin(addEmployee.java:32)
	at POM.addEmployee.Admin(addEmployee.java:32)
	at POM.addEmployee.Admin(addEmployee.java:32)
	at POM.addEmployee.Admin(addEmployee.java:32)
	at POM.addEmployee.Admin(addEmployee.java:32)
	at POM.addEmployee.Admin(addEmployee.java:32)
	at POM.addEmployee.Admin(addEmployee.java:32)
	at POM.addEmployee.Admin(addEmployee.java:32)
	at POM.addEmployee.Admin(addEmployee.java:32)
	at POM.addEmployee.Admin(addEmployee.java:32)
	at POM.addEmployee.Admin(addEmployee.java:32)
	at POM.addEmployee.Admin(addEmployee.java:32)
	at POM.addEmployee.Admin(addEmployee.java:32)
	at POM.addEmployee.Admin(addEmployee.java:32)
	at POM.addEmployee.Admin(addEmployee.java:32)
	at POM.addEmployee.Admin(addEmployee.java:32)
	at POM.addEmployee.Admin(addEmployee.java:32)
	at POM.addEmployee.Admin(addEmployee.java:32)
	at POM.addEmployee.Admin(addEmployee.java:32)
	at POM.addEmployee.Admin(addEmployee.java:32)
	at POM.addEmployee.Admin(addEmployee.java:32)
	at POM.addEmployee.Admin(addEmployee.java:32)
	at POM.addEmployee.Admin(addEmployee.java:32)
	at POM.addEmployee.Admin(addEmployee.java:32)
	at POM.addEmployee.Admin(addEmployee.java:32)
	at POM.addEmployee.Admin(addEmployee.java:32)
	at POM.addEmployee.Admin(addEmployee.java:32)
	at POM.addEmployee.Admin(addEmployee.java:32)
	at POM.addEmployee.Admin(addEmployee.java:32)
	at POM.addEmployee.Admin(addEmployee.java:32)
	at POM.addEmployee.Admin(addEmployee.java:32)
	at POM.addEmployee.Admin(addEmployee.java:32)
	at POM.addEmployee.Admin(addEmployee.java:32)
	at POM.addEmployee.Admin(addEmployee.java:32)
	at POM.addEmployee.Admin(addEmployee.java:32)
	at POM.addEmployee.Admin(addEmployee.java:32)
	at POM.addEmployee.Admin(addEmployee.java:32)
	at POM.addEmployee.Admin(addEmployee.java:32)
	at POM.addEmployee.Admin(addEmployee.java:32)
	at POM.addEmployee.Admin(addEmployee.java:32)
	at POM.addEmployee.Admin(addEmployee.java:32)
	at POM.addEmployee.Admin(addEmployee.java:32)
	at POM.addEmployee.Admin(addEmployee.java:32)
	at POM.addEmployee.Admin(addEmployee.java:32)
	at POM.addEmployee.Admin(addEmployee.java:32)
	at POM.addEmployee.Admin(addEmployee.java:32)
	at POM.addEmployee.Admin(addEmployee.java:32)
	at POM.addEmployee.Admin(addEmployee.java:32)
	at POM.addEmployee.Admin(addEmployee.java:32)
	at POM.addEmployee.Admin(addEmployee.java:32)
	at POM.addEmployee.Admin(addEmployee.java:32)
	at POM.addEmployee.Admin(addEmployee.java:32)
	at POM.addEmployee.Admin(addEmployee.java:32)
	at POM.addEmployee.Admin(addEmployee.java:32)
	at POM.addEmployee.Admin(addEmployee.java:32)
	at POM.addEmployee.Admin(addEmployee.java:32)
	at POM.addEmployee.Admin(addEmployee.java:32)
	at POM.addEmployee.Admin(addEmployee.java:32)
	at POM.addEmployee.Admin(addEmployee.java:32)
	at POM.addEmployee.Admin(addEmployee.java:32)
	at POM.addEmployee.Admin(addEmployee.java:32)
	at POM.addEmployee.Admin(addEmployee.java:32)
	at POM.addEmployee.Admin(addEmployee.java:32)
	at POM.addEmployee.Admin(addEmployee.java:32)
	at POM.addEmployee.Admin(addEmployee.java:32)
	at POM.addEmployee.Admin(addEmployee.java:32)
	at POM.addEmployee.Admin(addEmployee.java:32)
	at POM.addEmployee.Admin(addEmployee.java:32)
	at POM.addEmployee.Admin(addEmployee.java:32)
	at POM.addEmployee.Admin(addEmployee.java:32)
	at POM.addEmployee.Admin(addEmployee.java:32)
	at POM.addEmployee.Admin(addEmployee.java:32)
	at POM.addEmployee.Admin(addEmployee.java:32)
	at POM.addEmployee.Admin(addEmployee.java:32)
	at POM.addEmployee.Admin(addEmployee.java:32)
	at POM.addEmployee.Admin(addEmployee.java:32)
	at POM.addEmployee.Admin(addEmployee.java:32)
	at POM.addEmployee.Admin(addEmployee.java:32)
	at POM.addEmployee.Admin(addEmployee.java:32)
	at POM.addEmployee.Admin(addEmployee.java:32)
	at POM.addEmployee.Admin(addEmployee.java:32)
	at POM.addEmployee.Admin(addEmployee.java:32)
	at POM.addEmployee.Admin(addEmployee.java:32)
	at POM.addEmployee.Admin(addEmployee.java:32)
	at POM.addEmployee.Admin(addEmployee.java:32)
	at POM.addEmployee.Admin(addEmployee.java:32)
	at POM.addEmployee.Admin(addEmployee.java:32)
	at POM.addEmployee.Admin(addEmployee.java:32)
	at POM.addEmployee.Admin(addEmployee.java:32)
	at POM.addEmployee.Admin(addEmployee.java:32)
	at POM.addEmployee.Admin(addEmployee.java:32)
	at POM.addEmployee.Admin(addEmployee.java:32)
	at POM.addEmployee.Admin(addEmployee.java:32)
	at POM.addEmployee.Admin(addEmployee.java:32)
	at POM.addEmployee.Admin(addEmployee.java:32)
	at POM.addEmployee.Admin(addEmployee.java:32)
	at POM.addEmployee.Admin(addEmployee.java:32)
	at POM.addEmployee.Admin(addEmployee.java:32)
	at POM.addEmployee.Admin(addEmployee.java:32)
	at POM.addEmployee.Admin(addEmployee.java:32)
	at POM.addEmployee.Admin(addEmployee.java:32)
	at POM.addEmployee.Admin(addEmployee.java:32)
	at POM.addEmployee.Admin(addEmployee.java:32)
	at POM.addEmployee.Admin(addEmployee.java:32)
	at POM.addEmployee.Admin(addEmployee.java:32)
	at POM.addEmployee.Admin(addEmployee.java:32)
	at POM.addEmployee.Admin(addEmployee.java:32)
	at POM.addEmployee.Admin(addEmployee.java:32)
	at POM.addEmployee.Admin(addEmployee.java:32)
	at POM.addEmployee.Admin(addEmployee.java:32)
	at POM.addEmployee.Admin(addEmployee.java:32)
	at POM.addEmployee.Admin(addEmployee.java:32)
	at POM.addEmployee.Admin(addEmployee.java:32)
	at POM.addEmployee.Admin(addEmployee.java:32)
	at POM.addEmployee.Admin(addEmployee.java:32)
	at POM.addEmployee.Admin(addEmployee.java:32)
	at POM.addEmployee.Admin(addEmployee.java:32)
	at POM.addEmployee.Admin(addEmployee.java:32)
	at POM.addEmployee.Admin(addEmployee.java:32)
	at POM.addEmployee.Admin(addEmployee.java:32)
	at POM.addEmployee.Admin(addEmployee.java:32)
	at POM.addEmployee.Admin(addEmployee.java:32)
	at POM.addEmployee.Admin(addEmployee.java:32)
	at POM.addEmployee.Admin(addEmployee.java:32)
	at POM.addEmployee.Admin(addEmployee.java:32)
	at POM.addEmployee.Admin(addEmployee.java:32)
	at POM.addEmployee.Admin(addEmployee.java:32)
	at POM.addEmployee.Admin(addEmployee.java:32)
	at POM.addEmployee.Admin(addEmployee.java:32)
	at POM.addEmployee.Admin(addEmployee.java:32)
	at POM.addEmployee.Admin(addEmployee.java:32)
	at POM.addEmployee.Admin(addEmployee.java:32)
	at POM.addEmployee.Admin(addEmployee.java:32)
	at POM.addEmployee.Admin(addEmployee.java:32)
	at POM.addEmployee.Admin(addEmployee.java:32)
	at POM.addEmployee.Admin(addEmployee.java:32)
	at POM.addEmployee.Admin(addEmployee.java:32)
	at POM.addEmployee.Admin(addEmployee.java:32)
	at POM.addEmployee.Admin(addEmployee.java:32)
	at POM.addEmployee.Admin(addEmployee.java:32)
	at POM.addEmployee.Admin(addEmployee.java:32)
	at POM.addEmployee.Admin(addEmployee.java:32)
	at POM.addEmployee.Admin(addEmployee.java:32)
	at POM.addEmployee.Admin(addEmployee.java:32)
	at POM.addEmployee.Admin(addEmployee.java:32)
	at POM.addEmployee.Admin(addEmployee.java:32)
	at POM.addEmployee.Admin(addEmployee.java:32)
	at POM.addEmployee.Admin(addEmployee.java:32)
	at POM.addEmployee.Admin(addEmployee.java:32)
	at POM.addEmployee.Admin(addEmployee.java:32)
	at POM.addEmployee.Admin(addEmployee.java:32)
	at POM.addEmployee.Admin(addEmployee.java:32)
	at POM.addEmployee.Admin(addEmployee.java:32)
	at POM.addEmployee.Admin(addEmployee.java:32)
	at POM.addEmployee.Admin(addEmployee.java:32)
	at POM.addEmployee.Admin(addEmployee.java:32)
	at POM.addEmployee.Admin(addEmployee.java:32)
	at POM.addEmployee.Admin(addEmployee.java:32)
	at POM.addEmployee.Admin(addEmployee.java:32)
	at POM.addEmployee.Admin(addEmployee.java:32)
	at POM.addEmployee.Admin(addEmployee.java:32)
	at POM.addEmployee.Admin(addEmployee.java:32)
	at POM.addEmployee.Admin(addEmployee.java:32)
	at POM.addEmployee.Admin(addEmployee.java:32)
	at POM.addEmployee.Admin(addEmployee.java:32)
	at POM.addEmployee.Admin(addEmployee.java:32)
	at POM.addEmployee.Admin(addEmployee.java:32)
	at POM.addEmployee.Admin(addEmployee.java:32)
	at POM.addEmployee.Admin(addEmployee.java:32)
	at POM.addEmployee.Admin(addEmployee.java:32)
	at POM.addEmployee.Admin(addEmployee.java:32)
	at POM.addEmployee.Admin(addEmployee.java:32)
	at POM.addEmployee.Admin(addEmployee.java:32)
	at POM.addEmployee.Admin(addEmployee.java:32)
	at POM.addEmployee.Admin(addEmployee.java:32)
	at POM.addEmployee.Admin(addEmployee.java:32)
	at POM.addEmployee.Admin(addEmployee.java:32)
	at POM.addEmployee.Admin(addEmployee.java:32)
	at POM.addEmployee.Admin(addEmployee.java:32)
	at POM.addEmployee.Admin(addEmployee.java:32)
	at POM.addEmployee.Admin(addEmployee.java:32)
	at POM.addEmployee.Admin(addEmployee.java:32)
	at POM.addEmployee.Admin(addEmployee.java:32)
	at POM.addEmployee.Admin(addEmployee.java:32)
	at POM.addEmployee.Admin(addEmployee.java:32)
	at POM.addEmployee.Admin(addEmployee.java:32)
	at POM.addEmployee.Admin(addEmployee.java:32)
	at POM.addEmployee.Admin(addEmployee.java:32)
	at POM.addEmployee.Admin(addEmployee.java:32)
	at POM.addEmployee.Admin(addEmployee.java:32)
	at POM.addEmployee.Admin(addEmployee.java:32)
	at POM.addEmployee.Admin(addEmployee.java:32)
	at POM.addEmployee.Admin(addEmployee.java:32)
	at POM.addEmployee.Admin(addEmployee.java:32)
	at POM.addEmployee.Admin(addEmployee.java:32)
	at POM.addEmployee.Admin(addEmployee.java:32)
	at POM.addEmployee.Admin(addEmployee.java:32)
	at POM.addEmployee.Admin(addEmployee.java:32)
	at POM.addEmployee.Admin(addEmployee.java:32)
	at POM.addEmployee.Admin(addEmployee.java:32)
	at POM.addEmployee.Admin(addEmployee.java:32)
	at POM.addEmployee.Admin(addEmployee.java:32)
	at POM.addEmployee.Admin(addEmployee.java:32)
	at POM.addEmployee.Admin(addEmployee.java:32)
	at POM.addEmployee.Admin(addEmployee.java:32)
	at POM.addEmployee.Admin(addEmployee.java:32)
	at POM.addEmployee.Admin(addEmployee.java:32)
	at POM.addEmployee.Admin(addEmployee.java:32)
	at POM.addEmployee.Admin(addEmployee.java:32)
	at POM.addEmployee.Admin(addEmployee.java:32)
	at POM.addEmployee.Admin(addEmployee.java:32)
	at POM.addEmployee.Admin(addEmployee.java:32)
	at POM.addEmployee.Admin(addEmployee.java:32)
	at POM.addEmployee.Admin(addEmployee.java:32)
	at POM.addEmployee.Admin(addEmployee.java:32)
	at POM.addEmployee.Admin(addEmployee.java:32)
	at POM.addEmployee.Admin(addEmployee.java:32)
	at POM.addEmployee.Admin(addEmployee.java:32)
	at POM.addEmployee.Admin(addEmployee.java:32)
	at POM.addEmployee.Admin(addEmployee.java:32)
	at POM.addEmployee.Admin(addEmployee.java:32)
	at POM.addEmployee.Admin(addEmployee.java:32)
	at POM.addEmployee.Admin(addEmployee.java:32)
	at POM.addEmployee.Admin(addEmployee.java:32)
	at POM.addEmployee.Admin(addEmployee.java:32)
	at POM.addEmployee.Admin(addEmployee.java:32)
	at POM.addEmployee.Admin(addEmployee.java:32)
	at POM.addEmployee.Admin(addEmployee.java:32)
	at POM.addEmployee.Admin(addEmployee.java:32)
	at POM.addEmployee.Admin(addEmployee.java:32)
	at POM.addEmployee.Admin(addEmployee.java:32)
	at POM.addEmployee.Admin(addEmployee.java:32)
	at POM.addEmployee.Admin(addEmployee.java:32)
	at POM.addEmployee.Admin(addEmployee.java:32)
	at POM.addEmployee.Admin(addEmployee.java:32)
	at POM.addEmployee.Admin(addEmployee.java:32)
	at POM.addEmployee.Admin(addEmployee.java:32)
	at POM.addEmployee.Admin(addEmployee.java:32)
	at POM.addEmployee.Admin(addEmployee.java:32)
	at POM.addEmployee.Admin(addEmployee.java:32)
	at POM.addEmployee.Admin(addEmployee.java:32)
	at POM.addEmployee.Admin(addEmployee.java:32)
	at POM.addEmployee.Admin(addEmployee.java:32)
	at POM.addEmployee.Admin(addEmployee.java:32)
	at POM.addEmployee.Admin(addEmployee.java:32)
	at POM.addEmployee.Admin(addEmployee.java:32)
	at POM.addEmployee.Admin(addEmployee.java:32)
	at POM.addEmployee.Admin(addEmployee.java:32)
	at POM.addEmployee.Admin(addEmployee.java:32)
	at POM.addEmployee.Admin(addEmployee.java:32)
	at POM.addEmployee.Admin(addEmployee.java:32)
	at POM.addEmployee.Admin(addEmployee.java:32)
	at POM.addEmployee.Admin(addEmployee.java:32)
	at POM.addEmployee.Admin(addEmployee.java:32)
	at POM.addEmployee.Admin(addEmployee.java:32)
	at POM.addEmployee.Admin(addEmployee.java:32)
	at POM.addEmployee.Admin(addEmployee.java:32)
	at POM.addEmployee.Admin(addEmployee.java:32)
	at POM.addEmployee.Admin(addEmployee.java:32)
	at POM.addEmployee.Admin(addEmployee.java:32)
	at POM.addEmployee.Admin(addEmployee.java:32)
	at POM.addEmployee.Admin(addEmployee.java:32)
	at POM.addEmployee.Admin(addEmployee.java:32)
	at POM.addEmployee.Admin(addEmployee.java:32)
	at POM.addEmployee.Admin(addEmployee.java:32)
	at POM.addEmployee.Admin(addEmployee.java:32)
	at POM.addEmployee.Admin(addEmployee.java:32)
	at POM.addEmployee.Admin(addEmployee.java:32)
	at POM.addEmployee.Admin(addEmployee.java:32)
	at POM.addEmployee.Admin(addEmployee.java:32)
	at POM.addEmployee.Admin(addEmployee.java:32)
	at POM.addEmployee.Admin(addEmployee.java:32)
	at POM.addEmployee.Admin(addEmployee.java:32)
	at POM.addEmployee.Admin(addEmployee.java:32)
	at POM.addEmployee.Admin(addEmployee.java:32)
	at POM.addEmployee.Admin(addEmployee.java:32)
	at POM.addEmployee.Admin(addEmployee.java:32)
	at POM.addEmployee.Admin(addEmployee.java:32)
	at POM.addEmployee.Admin(addEmployee.java:32)
	at POM.addEmployee.Admin(addEmployee.java:32)
	at POM.addEmployee.Admin(addEmployee.java:32)
	at POM.addEmployee.Admin(addEmployee.java:32)
	at POM.addEmployee.Admin(addEmployee.java:32)
	at POM.addEmployee.Admin(addEmployee.java:32)
	at POM.addEmployee.Admin(addEmployee.java:32)
	at POM.addEmployee.Admin(addEmployee.java:32)
	at POM.addEmployee.Admin(addEmployee.java:32)
	at POM.addEmployee.Admin(addEmployee.java:32)
	at POM.addEmployee.Admin(addEmployee.java:32)
	at POM.addEmployee.Admin(addEmployee.java:32)
	at POM.addEmployee.Admin(addEmployee.java:32)
	at POM.addEmployee.Admin(addEmployee.java:32)
	at POM.addEmployee.Admin(addEmployee.java:32)
	at POM.addEmployee.Admin(addEmployee.java:32)
	at POM.addEmployee.Admin(addEmployee.java:32)
	at POM.addEmployee.Admin(addEmployee.java:32)
	at POM.addEmployee.Admin(addEmployee.java:32)
	at POM.addEmployee.Admin(addEmployee.java:32)
	at POM.addEmployee.Admin(addEmployee.java:32)
	at POM.addEmployee.Admin(addEmployee.java:32)
	at POM.addEmployee.Admin(addEmployee.java:32)
	at POM.addEmployee.Admin(addEmployee.java:32)
	at POM.addEmployee.Admin(addEmployee.java:32)
	at POM.addEmployee.Admin(addEmployee.java:32)
	at POM.addEmployee.Admin(addEmployee.java:32)
	at POM.addEmployee.Admin(addEmployee.java:32)
	at POM.addEmployee.Admin(addEmployee.java:32)
	at POM.addEmployee.Admin(addEmployee.java:32)
	at POM.addEmployee.Admin(addEmployee.java:32)
	at POM.addEmployee.Admin(addEmployee.java:32)
	at POM.addEmployee.Admin(addEmployee.java:32)
	at POM.addEmployee.Admin(addEmployee.java:32)
	at POM.addEmployee.Admin(addEmployee.java:32)
	at POM.addEmployee.Admin(addEmployee.java:32)
	at POM.addEmployee.Admin(addEmployee.java:32)
	at POM.addEmployee.Admin(addEmployee.java:32)
	at POM.addEmployee.Admin(addEmployee.java:32)
	at POM.addEmployee.Admin(addEmployee.java:32)
	at POM.addEmployee.Admin(addEmployee.java:32)
	at POM.addEmployee.Admin(addEmployee.java:32)
	at POM.addEmployee.Admin(addEmployee.java:32)
	at POM.addEmployee.Admin(addEmployee.java:32)
	at POM.addEmployee.Admin(addEmployee.java:32)
	at POM.addEmployee.Admin(addEmployee.java:32)
	at POM.addEmployee.Admin(addEmployee.java:32)
	at POM.addEmployee.Admin(addEmployee.java:32)
	at POM.addEmployee.Admin(addEmployee.java:32)
	at POM.addEmployee.Admin(addEmployee.java:32)
	at POM.addEmployee.Admin(addEmployee.java:32)
	at POM.addEmployee.Admin(addEmployee.java:32)
	at POM.addEmployee.Admin(addEmployee.java:32)
	at POM.addEmployee.Admin(addEmployee.java:32)
	at POM.addEmployee.Admin(addEmployee.java:32)
	at POM.addEmployee.Admin(addEmployee.java:32)
	at POM.addEmployee.Admin(addEmployee.java:32)
	at POM.addEmployee.Admin(addEmployee.java:32)
	at POM.addEmployee.Admin(addEmployee.java:32)
	at POM.addEmployee.Admin(addEmployee.java:32)
	at POM.addEmployee.Admin(addEmployee.java:32)
	at POM.addEmployee.Admin(addEmployee.java:32)
	at POM.addEmployee.Admin(addEmployee.java:32)
	at POM.addEmployee.Admin(addEmployee.java:32)
	at POM.addEmployee.Admin(addEmployee.java:32)
	at POM.addEmployee.Admin(addEmployee.java:32)
	at POM.addEmployee.Admin(addEmployee.java:32)
	at POM.addEmployee.Admin(addEmployee.java:32)
	at POM.addEmployee.Admin(addEmployee.java:32)
	at POM.addEmployee.Admin(addEmployee.java:32)
	at POM.addEmployee.Admin(addEmployee.java:32)
	at POM.addEmployee.Admin(addEmployee.java:32)
	at POM.addEmployee.Admin(addEmployee.java:32)
	at POM.addEmployee.Admin(addEmployee.java:32)
	at POM.addEmployee.Admin(addEmployee.java:32)
	at POM.addEmployee.Admin(addEmployee.java:32)
	at POM.addEmployee.Admin(addEmployee.java:32)
	at POM.addEmployee.Admin(addEmployee.java:32)
	at POM.addEmployee.Admin(addEmployee.java:32)
	at POM.addEmployee.Admin(addEmployee.java:32)
	at POM.addEmployee.Admin(addEmployee.java:32)
	at POM.addEmployee.Admin(addEmployee.java:32)
	at POM.addEmployee.Admin(addEmployee.java:32)
	at POM.addEmployee.Admin(addEmployee.java:32)
	at POM.addEmployee.Admin(addEmployee.java:32)
	at POM.addEmployee.Admin(addEmployee.java:32)
	at POM.addEmployee.Admin(addEmployee.java:32)
	at POM.addEmployee.Admin(addEmployee.java:32)
	at POM.addEmployee.Admin(addEmployee.java:32)
	at POM.addEmployee.Admin(addEmployee.java:32)
	at POM.addEmployee.Admin(addEmployee.java:32)
	at POM.addEmployee.Admin(addEmployee.java:32)
	at POM.addEmployee.Admin(addEmployee.java:32)
	at POM.addEmployee.Admin(addEmployee.java:32)
	at POM.addEmployee.Admin(addEmployee.java:32)
	at POM.addEmployee.Admin(addEmployee.java:32)
	at POM.addEmployee.Admin(addEmployee.java:32)
	at POM.addEmployee.Admin(addEmployee.java:32)
	at POM.addEmployee.Admin(addEmployee.java:32)
	at POM.addEmployee.Admin(addEmployee.java:32)
	at POM.addEmployee.Admin(addEmployee.java:32)
	at POM.addEmployee.Admin(addEmployee.java:32)
	at POM.addEmployee.Admin(addEmployee.java:32)
	at POM.addEmployee.Admin(addEmployee.java:32)
	at POM.addEmployee.Admin(addEmployee.java:32)
	at POM.addEmployee.Admin(addEmployee.java:32)
	at POM.addEmployee.Admin(addEmployee.java:32)
	at POM.addEmployee.Admin(addEmployee.java:32)
	at POM.addEmployee.Admin(addEmployee.java:32)
	at POM.addEmployee.Admin(addEmployee.java:32)
	at POM.addEmployee.Admin(addEmployee.java:32)
	at POM.addEmployee.Admin(addEmployee.java:32)
	at POM.addEmployee.Admin(addEmployee.java:32)
	at POM.addEmployee.Admin(addEmployee.java:32)
	at POM.addEmployee.Admin(addEmployee.java:32)
	at POM.addEmployee.Admin(addEmployee.java:32)
	at POM.addEmployee.Admin(addEmployee.java:32)
	at POM.addEmployee.Admin(addEmployee.java:32)
	at POM.addEmployee.Admin(addEmployee.java:32)
	at POM.addEmployee.Admin(addEmployee.java:32)
	at POM.addEmployee.Admin(addEmployee.java:32)
	at POM.addEmployee.Admin(addEmployee.java:32)
	at POM.addEmployee.Admin(addEmployee.java:32)
	at POM.addEmployee.Admin(addEmployee.java:32)
	at POM.addEmployee.Admin(addEmployee.java:32)
	at POM.addEmployee.Admin(addEmployee.java:32)
	at POM.addEmployee.Admin(addEmployee.java:32)
	at POM.addEmployee.Admin(addEmployee.java:32)
	at POM.addEmployee.Admin(addEmployee.java:32)
	at POM.addEmployee.Admin(addEmployee.java:32)
	at POM.addEmployee.Admin(addEmployee.java:32)
	at POM.addEmployee.Admin(addEmployee.java:32)
	at POM.addEmployee.Admin(addEmployee.java:32)
	at POM.addEmployee.Admin(addEmployee.java:32)
	at POM.addEmployee.Admin(addEmployee.java:32)
	at POM.addEmployee.Admin(addEmployee.java:32)
	at POM.addEmployee.Admin(addEmployee.java:32)
	at POM.addEmployee.Admin(addEmployee.java:32)
	at POM.addEmployee.Admin(addEmployee.java:32)
	at POM.addEmployee.Admin(addEmployee.java:32)
	at POM.addEmployee.Admin(addEmployee.java:32)
	at POM.addEmployee.Admin(addEmployee.java:32)
	at POM.addEmployee.Admin(addEmployee.java:32)
	at POM.addEmployee.Admin(addEmployee.java:32)
	at POM.addEmployee.Admin(addEmployee.java:32)
	at POM.addEmployee.Admin(addEmployee.java:32)
	at POM.addEmployee.Admin(addEmployee.java:32)
	at POM.addEmployee.Admin(addEmployee.java:32)
	at POM.addEmployee.Admin(addEmployee.java:32)
	at POM.addEmployee.Admin(addEmployee.java:32)
	at POM.addEmployee.Admin(addEmployee.java:32)
	at POM.addEmployee.Admin(addEmployee.java:32)
	at POM.addEmployee.Admin(addEmployee.java:32)
	at POM.addEmployee.Admin(addEmployee.java:32)
	at POM.addEmployee.Admin(addEmployee.java:32)
	at POM.addEmployee.Admin(addEmployee.java:32)
	at POM.addEmployee.Admin(addEmployee.java:32)
	at POM.addEmployee.Admin(addEmployee.java:32)
	at POM.addEmployee.Admin(addEmployee.java:32)
	at POM.addEmployee.Admin(addEmployee.java:32)
	at POM.addEmployee.Admin(addEmployee.java:32)
	at POM.addEmployee.Admin(addEmployee.java:32)
	at POM.addEmployee.Admin(addEmployee.java:32)
	at POM.addEmployee.Admin(addEmployee.java:32)
	at POM.addEmployee.Admin(addEmployee.java:32)
	at POM.addEmployee.Admin(addEmployee.java:32)
	at POM.addEmployee.Admin(addEmployee.java:32)
	at POM.addEmployee.Admin(addEmployee.java:32)
	at POM.addEmployee.Admin(addEmployee.java:32)
	at POM.addEmployee.Admin(addEmployee.java:32)
	at POM.addEmployee.Admin(addEmployee.java:32)
	at POM.addEmployee.Admin(addEmployee.java:32)
	at POM.addEmployee.Admin(addEmployee.java:32)
	at POM.addEmployee.Admin(addEmployee.java:32)
	at POM.addEmployee.Admin(addEmployee.java:32)
	at POM.addEmployee.Admin(addEmployee.java:32)
	at POM.addEmployee.Admin(addEmployee.java:32)
	at POM.addEmployee.Admin(addEmployee.java:32)
	at POM.addEmployee.Admin(addEmployee.java:32)
	at POM.addEmployee.Admin(addEmployee.java:32)
	at POM.addEmployee.Admin(addEmployee.java:32)
	at POM.addEmployee.Admin(addEmployee.java:32)
	at POM.addEmployee.Admin(addEmployee.java:32)
	at POM.addEmployee.Admin(addEmployee.java:32)
	at POM.addEmployee.Admin(addEmployee.java:32)
	at POM.addEmployee.Admin(addEmployee.java:32)
	at POM.addEmployee.Admin(addEmployee.java:32)
	at POM.addEmployee.Admin(addEmployee.java:32)
	at POM.addEmployee.Admin(addEmployee.java:32)
	at POM.addEmployee.Admin(addEmployee.java:32)
	at POM.addEmployee.Admin(addEmployee.java:32)
	at POM.addEmployee.Admin(addEmployee.java:32)
	at POM.addEmployee.Admin(addEmployee.java:32)
	at POM.addEmployee.Admin(addEmployee.java:32)
	at POM.addEmployee.Admin(addEmployee.java:32)
	at POM.addEmployee.Admin(addEmployee.java:32)
	at POM.addEmployee.Admin(addEmployee.java:32)
	at POM.addEmployee.Admin(addEmployee.java:32)
	at POM.addEmployee.Admin(addEmployee.java:32)
	at POM.addEmployee.Admin(addEmployee.java:32)
	at POM.addEmployee.Admin(addEmployee.java:32)
	at POM.addEmployee.Admin(addEmployee.java:32)
	at POM.addEmployee.Admin(addEmployee.java:32)
	at POM.addEmployee.Admin(addEmployee.java:32)
	at POM.addEmployee.Admin(addEmployee.java:32)
	at POM.addEmployee.Admin(addEmployee.java:32)
	at POM.addEmployee.Admin(addEmployee.java:32)
	at POM.addEmployee.Admin(addEmployee.java:32)
	at POM.addEmployee.Admin(addEmployee.java:32)
	at POM.addEmployee.Admin(addEmployee.java:32)
	at POM.addEmployee.Admin(addEmployee.java:32)
	at POM.addEmployee.Admin(addEmployee.java:32)
	at POM.addEmployee.Admin(addEmployee.java:32)
	at POM.addEmployee.Admin(addEmployee.java:32)
	at POM.addEmployee.Admin(addEmployee.java:32)
	at POM.addEmployee.Admin(addEmployee.java:32)
	at POM.addEmployee.Admin(addEmployee.java:32)
	at POM.addEmployee.Admin(addEmployee.java:32)
	at POM.addEmployee.Admin(addEmployee.java:32)
	at POM.addEmployee.Admin(addEmployee.java:32)
	at POM.addEmployee.Admin(addEmployee.java:32)
	at POM.addEmployee.Admin(addEmployee.java:32)
	at POM.addEmployee.Admin(addEmployee.java:32)
	at POM.addEmployee.Admin(addEmployee.java:32)
	at POM.addEmployee.Admin(addEmployee.java:32)
	at POM.addEmployee.Admin(addEmployee.java:32)
	at POM.addEmployee.Admin(addEmployee.java:32)
	at POM.addEmployee.Admin(addEmployee.java:32)
	at POM.addEmployee.Admin(addEmployee.java:32)
	at POM.addEmployee.Admin(addEmployee.java:32)
	at POM.addEmployee.Admin(addEmployee.java:32)
	at POM.addEmployee.Admin(addEmployee.java:32)
	at POM.addEmployee.Admin(addEmployee.java:32)
	at POM.addEmployee.Admin(addEmployee.java:32)
	at POM.addEmployee.Admin(addEmployee.java:32)
	at POM.addEmployee.Admin(addEmployee.java:32)
	at POM.addEmployee.Admin(addEmployee.java:32)
	at POM.addEmployee.Admin(addEmployee.java:32)
	at POM.addEmployee.Admin(addEmployee.java:32)
	at POM.addEmployee.Admin(addEmployee.java:32)
	at POM.addEmployee.Admin(addEmployee.java:32)
	at POM.addEmployee.Admin(addEmployee.java:32)
	at POM.addEmployee.Admin(addEmployee.java:32)
	at POM.addEmployee.Admin(addEmployee.java:32)
	at POM.addEmployee.Admin(addEmployee.java:32)
	at POM.addEmployee.Admin(addEmployee.java:32)
	at POM.addEmployee.Admin(addEmployee.java:32)
	at POM.addEmployee.Admin(addEmployee.java:32)
	at POM.addEmployee.Admin(addEmployee.java:32)
	at POM.addEmployee.Admin(addEmployee.java:32)
	at POM.addEmployee.Admin(addEmployee.java:32)
	at POM.addEmployee.Admin(addEmployee.java:32)
	at POM.addEmployee.Admin(addEmployee.java:32)
	at POM.addEmployee.Admin(addEmployee.java:32)
	at POM.addEmployee.Admin(addEmployee.java:32)
	at POM.addEmployee.Admin(addEmployee.java:32)
	at POM.addEmployee.Admin(addEmployee.java:32)
	at POM.addEmployee.Admin(addEmployee.java:32)
	at POM.addEmployee.Admin(addEmployee.java:32)
	at POM.addEmployee.Admin(addEmployee.java:32)
	at POM.addEmployee.Admin(addEmployee.java:32)
	at POM.addEmployee.Admin(addEmployee.java:32)
	at POM.addEmployee.Admin(addEmployee.java:32)
	at POM.addEmployee.Admin(addEmployee.java:32)
	at POM.addEmployee.Admin(addEmployee.java:32)
	at POM.addEmployee.Admin(addEmployee.java:32)
	at POM.addEmployee.Admin(addEmployee.java:32)
	at POM.addEmployee.Admin(addEmployee.java:32)
	at POM.addEmployee.Admin(addEmployee.java:32)
	at POM.addEmployee.Admin(addEmployee.java:32)
	at POM.addEmployee.Admin(addEmployee.java:32)
	at POM.addEmployee.Admin(addEmployee.java:32)
	at POM.addEmployee.Admin(addEmployee.java:32)
	at POM.addEmployee.Admin(addEmployee.java:32)
	at POM.addEmployee.Admin(addEmployee.java:32)
	at POM.addEmployee.Admin(addEmployee.java:32)
	at POM.addEmployee.Admin(addEmployee.java:32)
	at POM.addEmployee.Admin(addEmployee.java:32)
	at POM.addEmployee.Admin(addEmployee.java:32)
	at POM.addEmployee.Admin(addEmployee.java:32)
	at POM.addEmployee.Admin(addEmployee.java:32)
	at POM.addEmployee.Admin(addEmployee.java:32)
	at POM.addEmployee.Admin(addEmployee.java:32)
	at POM.addEmployee.Admin(addEmployee.java:32)
	at POM.addEmployee.Admin(addEmployee.java:32)
	at POM.addEmployee.Admin(addEmployee.java:32)
	at POM.addEmployee.Admin(addEmployee.java:32)
	at POM.addEmployee.Admin(addEmployee.java:32)
	at POM.addEmployee.Admin(addEmployee.java:32)
	at POM.addEmployee.Admin(addEmployee.java:32)
	at POM.addEmployee.Admin(addEmployee.java:32)
	at POM.addEmployee.Admin(addEmployee.java:32)
	at POM.addEmployee.Admin(addEmployee.java:32)
	at POM.addEmployee.Admin(addEmployee.java:32)
	at POM.addEmployee.Admin(addEmployee.java:32)
	at POM.addEmployee.Admin(addEmployee.java:32)
	at POM.addEmployee.Admin(addEmployee.java:32)
	at POM.addEmployee.Admin(addEmployee.java:32)
	at POM.addEmployee.Admin(addEmployee.java:32)
	at POM.addEmployee.Admin(addEmployee.java:32)
	at POM.addEmployee.Admin(addEmployee.java:32)
	at POM.addEmployee.Admin(addEmployee.java:32)
	at POM.addEmployee.Admin(addEmployee.java:32)
	at POM.addEmployee.Admin(addEmployee.java:32)
	at POM.addEmployee.Admin(addEmployee.java:32)
	at POM.addEmployee.Admin(addEmployee.java:32)
	at POM.addEmployee.Admin(addEmployee.java:32)
	at POM.addEmployee.Admin(addEmployee.java:32)
	at POM.addEmployee.Admin(addEmployee.java:32)
	at POM.addEmployee.Admin(addEmployee.java:32)
	at POM.addEmployee.Admin(addEmployee.java:32)
	at POM.addEmployee.Admin(addEmployee.java:32)
	at POM.addEmployee.Admin(addEmployee.java:32)
	at POM.addEmployee.Admin(addEmployee.java:32)
	at POM.addEmployee.Admin(addEmployee.java:32)
	at POM.addEmployee.Admin(addEmployee.java:32)
	at POM.addEmployee.Admin(addEmployee.java:32)
	at POM.addEmployee.Admin(addEmployee.java:32)
	at POM.addEmployee.Admin(addEmployee.java:32)
	at POM.addEmployee.Admin(addEmployee.java:32)
	at POM.addEmployee.Admin(addEmployee.java:32)
	at POM.addEmployee.Admin(addEmployee.java:32)
	at POM.addEmployee.Admin(addEmployee.java:32)
	at POM.addEmployee.Admin(addEmployee.java:32)
	at POM.addEmployee.Admin(addEmployee.java:32)
	at POM.addEmployee.Admin(addEmployee.java:32)
	at POM.addEmployee.Admin(addEmployee.java:32)
	at POM.addEmployee.Admin(addEmployee.java:32)
	at POM.addEmployee.Admin(addEmployee.java:32)
	at POM.addEmployee.Admin(addEmployee.java:32)
	at POM.addEmployee.Admin(addEmployee.java:32)
	at POM.addEmployee.Admin(addEmployee.java:32)
	at POM.addEmployee.Admin(addEmployee.java:32)
	at POM.addEmployee.Admin(addEmployee.java:32)
	at POM.addEmployee.Admin(addEmployee.java:32)
	at POM.addEmployee.Admin(addEmployee.java:32)
	at POM.addEmployee.Admin(addEmployee.java:32)
	at POM.addEmployee.Admin(addEmployee.java:32)
	at POM.addEmployee.Admin(addEmployee.java:32)
	at POM.addEmployee.Admin(addEmployee.java:32)
	at POM.addEmployee.Admin(addEmployee.java:32)
	at POM.addEmployee.Admin(addEmployee.java:32)
	at POM.addEmployee.Admin(addEmployee.java:32)
	at POM.addEmployee.Admin(addEmployee.java:32)
	at POM.addEmployee.Admin(addEmployee.java:32)
	at POM.addEmployee.Admin(addEmployee.java:32)
	at POM.addEmployee.Admin(addEmployee.java:32)
	at POM.addEmployee.Admin(addEmployee.java:32)
	at POM.addEmployee.Admin(addEmployee.java:32)
	at POM.addEmployee.Admin(addEmployee.java:32)
	at POM.addEmployee.Admin(addEmployee.java:32)
	at POM.addEmployee.Admin(addEmployee.java:32)
	at POM.addEmployee.Admin(addEmployee.java:32)
	at POM.addEmployee.Admin(addEmployee.java:32)
	at POM.addEmployee.Admin(addEmployee.java:32)
	at POM.addEmployee.Admin(addEmployee.java:32)
	at POM.addEmployee.Admin(addEmployee.java:32)
	at POM.addEmployee.Admin(addEmployee.java:32)
	at POM.addEmployee.Admin(addEmployee.java:32)
	at POM.addEmployee.Admin(addEmployee.java:32)
	at POM.addEmployee.Admin(addEmployee.java:32)
	at POM.addEmployee.Admin(addEmployee.java:32)
	at POM.addEmployee.Admin(addEmployee.java:32)
	at POM.addEmployee.Admin(addEmployee.java:32)
	at POM.addEmployee.Admin(addEmployee.java:32)
	at POM.addEmployee.Admin(addEmployee.java:32)
	at POM.addEmployee.Admin(addEmployee.java:32)
	at POM.addEmployee.Admin(addEmployee.java:32)
	at POM.addEmployee.Admin(addEmployee.java:32)
	at POM.addEmployee.Admin(addEmployee.java:32)
	at POM.addEmployee.Admin(addEmployee.java:32)
	at POM.addEmployee.Admin(addEmployee.java:32)
	at POM.addEmployee.Admin(addEmployee.java:32)
	at POM.addEmployee.Admin(addEmployee.java:32)
	at POM.addEmployee.Admin(addEmployee.java:32)
	at POM.addEmployee.Admin(addEmployee.java:32)
	at POM.addEmployee.Admin(addEmployee.java:32)
	at POM.addEmployee.Admin(addEmployee.java:32)
	at POM.addEmployee.Admin(addEmployee.java:32)
	at POM.addEmployee.Admin(addEmployee.java:32)
	at POM.addEmployee.Admin(addEmployee.java:32)
	at POM.addEmployee.Admin(addEmployee.java:32)
	at POM.addEmployee.Admin(addEmployee.java:32)
	at POM.addEmployee.Admin(addEmployee.java:32)
	at POM.addEmployee.Admin(addEmployee.java:32)
	at POM.addEmployee.Admin(addEmployee.java:32)
	at POM.addEmployee.Admin(addEmployee.java:32)
	at POM.addEmployee.Admin(addEmployee.java:32)
	at POM.addEmployee.Admin(addEmployee.java:32)
	at POM.addEmployee.Admin(addEmployee.java:32)
	at POM.addEmployee.Admin(addEmployee.java:32)
	at POM.addEmployee.Admin(addEmployee.java:32)
	at POM.addEmployee.Admin(addEmployee.java:32)
	at POM.addEmployee.Admin(addEmployee.java:32)
	at POM.addEmployee.Admin(addEmployee.java:32)
	at POM.addEmployee.Admin(addEmployee.java:32)
	at POM.addEmployee.Admin(addEmployee.java:32)
	at POM.addEmployee.Admin(addEmployee.java:32)
	at POM.addEmployee.Admin(addEmployee.java:32)
	at POM.addEmployee.Admin(addEmployee.java:32)
	at POM.addEmployee.Admin(addEmployee.java:32)
	at POM.addEmployee.Admin(addEmployee.java:32)
	at POM.addEmployee.Admin(addEmployee.java:32)
	at POM.addEmployee.Admin(addEmployee.java:32)
	at POM.addEmployee.Admin(addEmployee.java:32)
	at POM.addEmployee.Admin(addEmployee.java:32)
	at POM.addEmployee.Admin(addEmployee.java:32)
	at POM.addEmployee.Admin(addEmployee.java:32)
	at POM.addEmployee.Admin(addEmployee.java:32)
	at POM.addEmployee.Admin(addEmployee.java:32)
	at POM.addEmployee.Admin(addEmployee.java:32)
	at POM.addEmployee.Admin(addEmployee.java:32)
	at POM.addEmployee.Admin(addEmployee.java:32)
	at POM.addEmployee.Admin(addEmployee.java:32)
	at POM.addEmployee.Admin(addEmployee.java:32)
	at POM.addEmployee.Admin(addEmployee.java:32)
	at POM.addEmployee.Admin(addEmployee.java:32)
	at POM.addEmployee.Admin(addEmployee.java:32)
	at POM.addEmployee.Admin(addEmployee.java:32)
	at POM.addEmployee.Admin(addEmployee.java:32)
	at POM.addEmployee.Admin(addEmployee.java:32)
	at POM.addEmployee.Admin(addEmployee.java:32)
	at POM.addEmployee.Admin(addEmployee.java:32)
	at POM.addEmployee.Admin(addEmployee.java:32)
	at POM.addEmployee.Admin(addEmployee.java:32)
	at POM.addEmployee.Admin(addEmployee.java:32)
	at POM.addEmployee.Admin(addEmployee.java:32)
	at POM.addEmployee.Admin(addEmployee.java:32)
	at POM.addEmployee.Admin(addEmployee.java:32)
	at POM.addEmployee.Admin(addEmployee.java:32)
	at POM.addEmployee.Admin(addEmployee.java:32)
	at POM.addEmployee.Admin(addEmployee.java:32)
	at POM.addEmployee.Admin(addEmployee.java:32)
	at POM.addEmployee.Admin(addEmployee.java:32)
	at POM.addEmployee.Admin(addEmployee.java:32)
	at POM.addEmployee.Admin(addEmployee.java:32)
	at POM.addEmployee.Admin(addEmployee.java:32)
	at POM.addEmployee.Admin(addEmployee.java:32)
	at POM.addEmployee.Admin(addEmployee.java:32)
	at POM.addEmployee.Admin(addEmployee.java:32)
	at POM.addEmployee.Admin(addEmployee.java:32)
	at POM.addEmployee.Admin(addEmployee.java:32)
	at POM.addEmployee.Admin(addEmployee.java:32)
	at POM.addEmployee.Admin(addEmployee.java:32)
	at POM.addEmployee.Admin(addEmployee.java:32)
	at POM.addEmployee.Admin(addEmployee.java:32)
	at POM.addEmployee.Admin(addEmployee.java:32)
	at POM.addEmployee.Admin(addEmployee.java:32)
	at POM.addEmployee.Admin(addEmployee.java:32)
	at POM.addEmployee.Admin(addEmployee.java:32)
	at POM.addEmployee.Admin(addEmployee.java:32)
	at POM.addEmployee.Admin(addEmployee.java:32)
	at POM.addEmployee.Admin(addEmployee.java:32)
	at POM.addEmployee.Admin(addEmployee.java:32)
	at POM.addEmployee.Admin(addEmployee.java:32)
	at POM.addEmployee.Admin(addEmployee.java:32)
	at POM.addEmployee.Admin(addEmployee.java:32)
	at POM.addEmployee.Admin(addEmployee.java:32)
	at POM.addEmployee.Admin(addEmployee.java:32)
	at POM.addEmployee.Admin(addEmployee.java:32)
	at POM.addEmployee.Admin(addEmployee.java:32)
	at POM.addEmployee.Admin(addEmployee.java:32)
	at POM.addEmployee.Admin(addEmployee.java:32)
	at POM.addEmployee.Admin(addEmployee.java:32)
	at POM.addEmployee.Admin(addEmployee.java:32)
	at POM.addEmployee.Admin(addEmployee.java:32)
	at POM.addEmployee.Admin(addEmployee.java:32)
	at POM.addEmployee.Admin(addEmployee.java:32)
	at POM.addEmployee.Admin(addEmployee.java:32)
	at POM.addEmployee.Admin(addEmployee.java:32)
	at POM.addEmployee.Admin(addEmployee.java:32)
	at POM.addEmployee.Admin(addEmployee.java:32)
	at POM.addEmployee.Admin(addEmployee.java:32)
	at POM.addEmployee.Admin(addEmployee.java:32)
	at POM.addEmployee.Admin(addEmployee.java:32)
	at POM.addEmployee.Admin(addEmployee.java:32)
	at POM.addEmployee.Admin(addEmployee.java:32)
	at POM.addEmployee.Admin(addEmployee.java:32)
	at POM.addEmployee.Admin(addEmployee.java:32)
	at POM.addEmployee.Admin(addEmployee.java:32)
	at POM.addEmployee.Admin(addEmployee.java:32)
	at POM.addEmployee.Admin(addEmployee.java:32)
	at POM.addEmployee.Admin(addEmployee.java:32)
	at POM.addEmployee.Admin(addEmployee.java:32)
	at POM.addEmployee.Admin(addEmployee.java:32)
	at POM.addEmployee.Admin(addEmployee.java:32)
	at POM.addEmployee.Admin(addEmployee.java:32)
	at POM.addEmployee.Admin(addEmployee.java:32)
	at POM.addEmployee.Admin(addEmployee.java:32)
	at POM.addEmployee.Admin(addEmployee.java:32)
	at POM.addEmployee.Admin(addEmployee.java:32)
	at POM.addEmployee.Admin(addEmployee.java:32)
	at POM.addEmployee.Admin(addEmployee.java:32)
	at POM.addEmployee.Admin(addEmployee.java:32)
	at POM.addEmployee.Admin(addEmployee.java:32)
	at POM.addEmployee.Admin(addEmployee.java:32)
	at POM.addEmployee.Admin(addEmployee.java:32)
	at POM.addEmployee.Admin(addEmployee.java:32)
	at POM.addEmployee.Admin(addEmployee.java:32)
	at POM.addEmployee.Admin(addEmployee.java:32)
	at POM.addEmployee.Admin(addEmployee.java:32)
	at POM.addEmployee.Admin(addEmployee.java:32)
	at POM.addEmployee.Admin(addEmployee.java:32)
	at POM.addEmployee.Admin(addEmployee.java:32)
	at POM.addEmployee.Admin(addEmployee.java:32)
	at POM.addEmployee.Admin(addEmployee.java:32)
	at POM.addEmployee.Admin(addEmployee.java:32)
	at POM.addEmployee.Admin(addEmployee.java:32)
	at POM.addEmployee.Admin(addEmployee.java:32)
	at POM.addEmployee.Admin(addEmployee.java:32)
	at POM.addEmployee.Admin(addEmployee.java:32)
	at POM.addEmployee.Admin(addEmployee.java:32)
	at POM.addEmployee.Admin(addEmployee.java:32)
	at POM.addEmployee.Admin(addEmployee.java:32)
	at POM.addEmployee.Admin(addEmployee.java:32)
	at POM.addEmployee.Admin(addEmployee.java:32)
	at POM.addEmployee.Admin(addEmployee.java:32)
	at POM.addEmployee.Admin(addEmployee.java:32)
	at POM.addEmployee.Admin(addEmployee.java:32)
	at POM.addEmployee.Admin(addEmployee.java:32)
	at POM.addEmployee.Admin(addEmployee.java:32)
	at POM.addEmployee.Admin(addEmployee.java:32)
	at POM.addEmployee.Admin(addEmployee.java:32)
	at POM.addEmployee.Admin(addEmployee.java:32)
	at POM.addEmployee.Admin(addEmployee.java:32)
	at POM.addEmployee.Admin(addEmployee.java:32)
	at POM.addEmployee.Admin(addEmployee.java:32)
	at POM.addEmployee.Admin(addEmployee.java:32)
]]>
    </failure>
  </testcase> <!-- addemployeeTest -->
</testsuite> <!-- Test -->
