<?xml version="1.0" encoding="UTF-8"?>
<!-- Generated by org.testng.reporters.JUnitXMLReporter -->
<testsuite hostname="DESKTOP-SHS08M3" name="Test" tests="10" failures="0" timestamp="6 May 2018 05:23:21 GMT" time="106.921" errors="0">
  <testcase name="Logintest" time="5.421" classname="TestModule1.Login"/>
  <testcase name="addemployeeTest" time="11.28" classname="TestModule1.addemployee"/>
  <testcase name="addemployeeTest" time="9.565" classname="TestModule1.addemployee"/>
  <testcase name="addemployeeTest" time="9.157" classname="TestModule1.addemployee"/>
  <testcase name="addemployeeTest" time="9.378" classname="TestModule1.addemployee"/>
  <testcase name="addemployeeTest" time="10.715" classname="TestModule1.addemployee"/>
  <testcase name="addemployeeTest" time="13.172" classname="TestModule1.addemployee"/>
  <testcase name="addemployeeTest" time="9.461" classname="TestModule1.addemployee"/>
  <testcase name="addemployeeTest" time="10.222" classname="TestModule1.addemployee"/>
  <testcase name="DeleteAllEmp" time="18.119" classname="TestModule1.Deleteemp"/>
</testsuite> <!-- Test -->
