<?xml version="1.0" encoding="UTF-8"?>
<testng-results skipped="0" failed="2" total="4" passed="2">
  <reporter-output>
  </reporter-output>
  <suite name="Suite" duration-ms="25797" started-at="2018-05-02T18:38:02Z" finished-at="2018-05-02T18:38:28Z">
    <groups>
    </groups>
    <test name="Test" duration-ms="25797" started-at="2018-05-02T18:38:02Z" finished-at="2018-05-02T18:38:28Z">
      <class name="TestModule1.addemployee">
        <test-method status="FAIL" signature="addemployeeTest(java.util.Hashtable)[pri:0, instance:TestModule1.addemployee@8f4ea7c]" name="addemployeeTest" duration-ms="2040" started-at="2018-05-03T00:08:25Z" data-provider="getdata" finished-at="2018-05-03T00:08:27Z">
          <params>
            <param index="0">
              <value>
                <![CDATA[{confirmpassword=sunil123, password=sunil123, Empname=IBM, Iteration=1.0, username=sunil}]]>
              </value>
            </param>
          </params>
          <exception class="java.lang.StackOverflowError">
            <full-stacktrace>
              <![CDATA[java.lang.StackOverflowError
	at POM.addEmployee.Admin(addEmployee.java:31)
	at POM.addEmployee.Admin(addEmployee.java:32)
	at POM.addEmployee.Admin(addEmployee.java:32)
	at POM.addEmployee.Admin(addEmployee.java:32)
	at POM.addEmployee.Admin(addEmployee.java:32)
	at POM.addEmployee.Admin(addEmployee.java:32)
	at POM.addEmployee.Admin(addEmployee.java:32)
	at POM.addEmployee.Admin(addEmployee.java:32)
	at POM.addEmployee.Admin(addEmployee.java:32)
	at POM.addEmployee.Admin(addEmployee.java:32)
	at POM.addEmployee.Admin(addEmployee.java:32)
	at POM.addEmployee.Admin(addEmployee.java:32)
	at POM.addEmployee.Admin(addEmployee.java:32)
	at POM.addEmployee.Admin(addEmployee.java:32)
	at POM.addEmployee.Admin(addEmployee.java:32)
	at POM.addEmployee.Admin(addEmployee.java:32)
	at POM.addEmployee.Admin(addEmployee.java:32)
	at POM.addEmployee.Admin(addEmployee.java:32)
	at POM.addEmployee.Admin(addEmployee.java:32)
	at POM.addEmployee.Admin(addEmployee.java:32)
	at POM.addEmployee.Admin(addEmployee.java:32)
	at POM.addEmployee.Admin(addEmployee.java:32)
	at POM.addEmployee.Admin(addEmployee.java:32)
	at POM.addEmployee.Admin(addEmployee.java:32)
	at POM.addEmployee.Admin(addEmployee.java:32)
	at POM.addEmployee.Admin(addEmployee.java:32)
	at POM.addEmployee.Admin(addEmployee.java:32)
	at POM.addEmployee.Admin(addEmployee.java:32)
	at POM.addEmployee.Admin(addEmployee.java:32)
	at POM.addEmployee.Admin(addEmployee.java:32)
	at POM.addEmployee.Admin(addEmployee.java:32)
	at POM.addEmployee.Admin(addEmployee.java:32)
	at POM.addEmployee.Admin(addEmployee.java:32)
	at POM.addEmployee.Admin(addEmployee.java:32)
	at POM.addEmployee.Admin(addEmployee.java:32)
	at POM.addEmployee.Admin(addEmployee.java:32)
	at POM.addEmployee.Admin(addEmployee.java:32)
	at POM.addEmployee.Admin(addEmployee.java:32)
	at POM.addEmployee.Admin(addEmployee.java:32)
	at POM.addEmployee.Admin(addEmployee.java:32)
	at POM.addEmployee.Admin(addEmployee.java:32)
	at POM.addEmployee.Admin(addEmployee.java:32)
	at POM.addEmployee.Admin(addEmployee.java:32)
	at POM.addEmployee.Admin(addEmployee.java:32)
	at POM.addEmployee.Admin(addEmployee.java:32)
	at POM.addEmployee.Admin(addEmployee.java:32)
	at POM.addEmployee.Admin(addEmployee.java:32)
	at POM.addEmployee.Admin(addEmployee.java:32)
	at POM.addEmployee.Admin(addEmployee.java:32)
	at POM.addEmployee.Admin(addEmployee.java:32)
	at POM.addEmployee.Admin(addEmployee.java:32)
	at POM.addEmployee.Admin(addEmployee.java:32)
	at POM.addEmployee.Admin(addEmployee.java:32)
	at POM.addEmployee.Admin(addEmployee.java:32)
	at POM.addEmployee.Admin(addEmployee.java:32)
	at POM.addEmployee.Admin(addEmployee.java:32)
	at POM.addEmployee.Admin(addEmployee.java:32)
	at POM.addEmployee.Admin(addEmployee.java:32)
	at POM.addEmployee.Admin(addEmployee.java:32)
	at POM.addEmployee.Admin(addEmployee.java:32)
	at POM.addEmployee.Admin(addEmployee.java:32)
	at POM.addEmployee.Admin(addEmployee.java:32)
	at POM.addEmployee.Admin(addEmployee.java:32)
	at POM.addEmployee.Admin(addEmployee.java:32)
	at POM.addEmployee.Admin(addEmployee.java:32)
	at POM.addEmployee.Admin(addEmployee.java:32)
	at POM.addEmployee.Admin(addEmployee.java:32)
	at POM.addEmployee.Admin(addEmployee.java:32)
	at POM.addEmployee.Admin(addEmployee.java:32)
	at POM.addEmployee.Admin(addEmployee.java:32)
	at POM.addEmployee.Admin(addEmployee.java:32)
	at POM.addEmployee.Admin(addEmployee.java:32)
	at POM.addEmployee.Admin(addEmployee.java:32)
	at POM.addEmployee.Admin(addEmployee.java:32)
	at POM.addEmployee.Admin(addEmployee.java:32)
	at POM.addEmployee.Admin(addEmployee.java:32)
	at POM.addEmployee.Admin(addEmployee.java:32)
	at POM.addEmployee.Admin(addEmployee.java:32)
	at POM.addEmployee.Admin(addEmployee.java:32)
	at POM.addEmployee.Admin(addEmployee.java:32)
	at POM.addEmployee.Admin(addEmployee.java:32)
	at POM.addEmployee.Admin(addEmployee.java:32)
	at POM.addEmployee.Admin(addEmployee.java:32)
	at POM.addEmployee.Admin(addEmployee.java:32)
	at POM.addEmployee.Admin(addEmployee.java:32)
	at POM.addEmployee.Admin(addEmployee.java:32)
	at POM.addEmployee.Admin(addEmployee.java:32)
	at POM.addEmployee.Admin(addEmployee.java:32)
	at POM.addEmployee.Admin(addEmployee.java:32)
	at POM.addEmployee.Admin(addEmployee.java:32)
	at POM.addEmployee.Admin(addEmployee.java:32)
	at POM.addEmployee.Admin(addEmployee.java:32)
	at POM.addEmployee.Admin(addEmployee.java:32)
	at POM.addEmployee.Admin(addEmployee.java:32)
	at POM.addEmployee.Admin(addEmployee.java:32)
	at POM.addEmployee.Admin(addEmployee.java:32)
	at POM.addEmployee.Admin(addEmployee.java:32)
	at POM.addEmployee.Admin(addEmployee.java:32)
	at POM.addEmployee.Admin(addEmployee.java:32)
	at POM.addEmployee.Admin(addEmployee.java:32)
	at POM.addEmployee.Admin(addEmployee.java:32)
	at POM.addEmployee.Admin(addEmployee.java:32)
	at POM.addEmployee.Admin(addEmployee.java:32)
	at POM.addEmployee.Admin(addEmployee.java:32)
	at POM.addEmployee.Admin(addEmployee.java:32)
	at POM.addEmployee.Admin(addEmployee.java:32)
	at POM.addEmployee.Admin(addEmployee.java:32)
	at POM.addEmployee.Admin(addEmployee.java:32)
	at POM.addEmployee.Admin(addEmployee.java:32)
	at POM.addEmployee.Admin(addEmployee.java:32)
	at POM.addEmployee.Admin(addEmployee.java:32)
	at POM.addEmployee.Admin(addEmployee.java:32)
	at POM.addEmployee.Admin(addEmployee.java:32)
	at POM.addEmployee.Admin(addEmployee.java:32)
	at POM.addEmployee.Admin(addEmployee.java:32)
	at POM.addEmployee.Admin(addEmployee.java:32)
	at POM.addEmployee.Admin(addEmployee.java:32)
	at POM.addEmployee.Admin(addEmployee.java:32)
	at POM.addEmployee.Admin(addEmployee.java:32)
	at POM.addEmployee.Admin(addEmployee.java:32)
	at POM.addEmployee.Admin(addEmployee.java:32)
	at POM.addEmployee.Admin(addEmployee.java:32)
	at POM.addEmployee.Admin(addEmployee.java:32)
	at POM.addEmployee.Admin(addEmployee.java:32)
	at POM.addEmployee.Admin(addEmployee.java:32)
	at POM.addEmployee.Admin(addEmployee.java:32)
	at POM.addEmployee.Admin(addEmployee.java:32)
	at POM.addEmployee.Admin(addEmployee.java:32)
	at POM.addEmployee.Admin(addEmployee.java:32)
	at POM.addEmployee.Admin(addEmployee.java:32)
	at POM.addEmployee.Admin(addEmployee.java:32)
	at POM.addEmployee.Admin(addEmployee.java:32)
	at POM.addEmployee.Admin(addEmployee.java:32)
	at POM.addEmployee.Admin(addEmployee.java:32)
	at POM.addEmployee.Admin(addEmployee.java:32)
	at POM.addEmployee.Admin(addEmployee.java:32)
	at POM.addEmployee.Admin(addEmployee.java:32)
	at POM.addEmployee.Admin(addEmployee.java:32)
	at POM.addEmployee.Admin(addEmployee.java:32)
	at POM.addEmployee.Admin(addEmployee.java:32)
	at POM.addEmployee.Admin(addEmployee.java:32)
	at POM.addEmployee.Admin(addEmployee.java:32)
	at POM.addEmployee.Admin(addEmployee.java:32)
	at POM.addEmployee.Admin(addEmployee.java:32)
	at POM.addEmployee.Admin(addEmployee.java:32)
	at POM.addEmployee.Admin(addEmployee.java:32)
	at POM.addEmployee.Admin(addEmployee.java:32)
	at POM.addEmployee.Admin(addEmployee.java:32)
	at POM.addEmployee.Admin(addEmployee.java:32)
	at POM.addEmployee.Admin(addEmployee.java:32)
	at POM.addEmployee.Admin(addEmployee.java:32)
	at POM.addEmployee.Admin(addEmployee.java:32)
	at POM.addEmployee.Admin(addEmployee.java:32)
	at POM.addEmployee.Admin(addEmployee.java:32)
	at POM.addEmployee.Admin(addEmployee.java:32)
	at POM.addEmployee.Admin(addEmployee.java:32)
	at POM.addEmployee.Admin(addEmployee.java:32)
	at POM.addEmployee.Admin(addEmployee.java:32)
	at POM.addEmployee.Admin(addEmployee.java:32)
	at POM.addEmployee.Admin(addEmployee.java:32)
	at POM.addEmployee.Admin(addEmployee.java:32)
	at POM.addEmployee.Admin(addEmployee.java:32)
	at POM.addEmployee.Admin(addEmployee.java:32)
	at POM.addEmployee.Admin(addEmployee.java:32)
	at POM.addEmployee.Admin(addEmployee.java:32)
	at POM.addEmployee.Admin(addEmployee.java:32)
	at POM.addEmployee.Admin(addEmployee.java:32)
	at POM.addEmployee.Admin(addEmployee.java:32)
	at POM.addEmployee.Admin(addEmployee.java:32)
	at POM.addEmployee.Admin(addEmployee.java:32)
	at POM.addEmployee.Admin(addEmployee.java:32)
	at POM.addEmployee.Admin(addEmployee.java:32)
	at POM.addEmployee.Admin(addEmployee.java:32)
	at POM.addEmployee.Admin(addEmployee.java:32)
	at POM.addEmployee.Admin(addEmployee.java:32)
	at POM.addEmployee.Admin(addEmployee.java:32)
	at POM.addEmployee.Admin(addEmployee.java:32)
	at POM.addEmployee.Admin(addEmployee.java:32)
	at POM.addEmployee.Admin(addEmployee.java:32)
	at POM.addEmployee.Admin(addEmployee.java:32)
	at POM.addEmployee.Admin(addEmployee.java:32)
	at POM.addEmployee.Admin(addEmployee.java:32)
	at POM.addEmployee.Admin(addEmployee.java:32)
	at POM.addEmployee.Admin(addEmployee.java:32)
	at POM.addEmployee.Admin(addEmployee.java:32)
	at POM.addEmployee.Admin(addEmployee.java:32)
	at POM.addEmployee.Admin(addEmployee.java:32)
	at POM.addEmployee.Admin(addEmployee.java:32)
	at POM.addEmployee.Admin(addEmployee.java:32)
	at POM.addEmployee.Admin(addEmployee.java:32)
	at POM.addEmployee.Admin(addEmployee.java:32)
	at POM.addEmployee.Admin(addEmployee.java:32)
	at POM.addEmployee.Admin(addEmployee.java:32)
	at POM.addEmployee.Admin(addEmployee.java:32)
	at POM.addEmployee.Admin(addEmployee.java:32)
	at POM.addEmployee.Admin(addEmployee.java:32)
	at POM.addEmployee.Admin(addEmployee.java:32)
	at POM.addEmployee.Admin(addEmployee.java:32)
	at POM.addEmployee.Admin(addEmployee.java:32)
	at POM.addEmployee.Admin(addEmployee.java:32)
	at POM.addEmployee.Admin(addEmployee.java:32)
	at POM.addEmployee.Admin(addEmployee.java:32)
	at POM.addEmployee.Admin(addEmployee.java:32)
	at POM.addEmployee.Admin(addEmployee.java:32)
	at POM.addEmployee.Admin(addEmployee.java:32)
	at POM.addEmployee.Admin(addEmployee.java:32)
	at POM.addEmployee.Admin(addEmployee.java:32)
	at POM.addEmployee.Admin(addEmployee.java:32)
	at POM.addEmployee.Admin(addEmployee.java:32)
	at POM.addEmployee.Admin(addEmployee.java:32)
	at POM.addEmployee.Admin(addEmployee.java:32)
	at POM.addEmployee.Admin(addEmployee.java:32)
	at POM.addEmployee.Admin(addEmployee.java:32)
	at POM.addEmployee.Admin(addEmployee.java:32)
	at POM.addEmployee.Admin(addEmployee.java:32)
	at POM.addEmployee.Admin(addEmployee.java:32)
	at POM.addEmployee.Admin(addEmployee.java:32)
	at POM.addEmployee.Admin(addEmployee.java:32)
	at POM.addEmployee.Admin(addEmployee.java:32)
	at POM.addEmployee.Admin(addEmployee.java:32)
	at POM.addEmployee.Admin(addEmployee.java:32)
	at POM.addEmployee.Admin(addEmployee.java:32)
	at POM.addEmployee.Admin(addEmployee.java:32)
	at POM.addEmployee.Admin(addEmployee.java:32)
	at POM.addEmployee.Admin(addEmployee.java:32)
	at POM.addEmployee.Admin(addEmployee.java:32)
	at POM.addEmployee.Admin(addEmployee.java:32)
	at POM.addEmployee.Admin(addEmployee.java:32)
	at POM.addEmployee.Admin(addEmployee.java:32)
	at POM.addEmployee.Admin(addEmployee.java:32)
	at POM.addEmployee.Admin(addEmployee.java:32)
	at POM.addEmployee.Admin(addEmployee.java:32)
	at POM.addEmployee.Admin(addEmployee.java:32)
	at POM.addEmployee.Admin(addEmployee.java:32)
	at POM.addEmployee.Admin(addEmployee.java:32)
	at POM.addEmployee.Admin(addEmployee.java:32)
	at POM.addEmployee.Admin(addEmployee.java:32)
	at POM.addEmployee.Admin(addEmployee.java:32)
	at POM.addEmployee.Admin(addEmployee.java:32)
	at POM.addEmployee.Admin(addEmployee.java:32)
	at POM.addEmployee.Admin(addEmployee.java:32)
	at POM.addEmployee.Admin(addEmployee.java:32)
	at POM.addEmployee.Admin(addEmployee.java:32)
	at POM.addEmployee.Admin(addEmployee.java:32)
	at POM.addEmployee.Admin(addEmployee.java:32)
	at POM.addEmployee.Admin(addEmployee.java:32)
	at POM.addEmployee.Admin(addEmployee.java:32)
	at POM.addEmployee.Admin(addEmployee.java:32)
	at POM.addEmployee.Admin(addEmployee.java:32)
	at POM.addEmployee.Admin(addEmployee.java:32)
	at POM.addEmployee.Admin(addEmployee.java:32)
	at POM.addEmployee.Admin(addEmployee.java:32)
	at POM.addEmployee.Admin(addEmployee.java:32)
	at POM.addEmployee.Admin(addEmployee.java:32)
	at POM.addEmployee.Admin(addEmployee.java:32)
	at POM.addEmployee.Admin(addEmployee.java:32)
	at POM.addEmployee.Admin(addEmployee.java:32)
	at POM.addEmployee.Admin(addEmployee.java:32)
	at POM.addEmployee.Admin(addEmployee.java:32)
	at POM.addEmployee.Admin(addEmployee.java:32)
	at POM.addEmployee.Admin(addEmployee.java:32)
	at POM.addEmployee.Admin(addEmployee.java:32)
	at POM.addEmployee.Admin(addEmployee.java:32)
	at POM.addEmployee.Admin(addEmployee.java:32)
	at POM.addEmployee.Admin(addEmployee.java:32)
	at POM.addEmployee.Admin(addEmployee.java:32)
	at POM.addEmployee.Admin(addEmployee.java:32)
	at POM.addEmployee.Admin(addEmployee.java:32)
	at POM.addEmployee.Admin(addEmployee.java:32)
	at POM.addEmployee.Admin(addEmployee.java:32)
	at POM.addEmployee.Admin(addEmployee.java:32)
	at POM.addEmployee.Admin(addEmployee.java:32)
	at POM.addEmployee.Admin(addEmployee.java:32)
	at POM.addEmployee.Admin(addEmployee.java:32)
	at POM.addEmployee.Admin(addEmployee.java:32)
	at POM.addEmployee.Admin(addEmployee.java:32)
	at POM.addEmployee.Admin(addEmployee.java:32)
	at POM.addEmployee.Admin(addEmployee.java:32)
	at POM.addEmployee.Admin(addEmployee.java:32)
	at POM.addEmployee.Admin(addEmployee.java:32)
	at POM.addEmployee.Admin(addEmployee.java:32)
	at POM.addEmployee.Admin(addEmployee.java:32)
	at POM.addEmployee.Admin(addEmployee.java:32)
	at POM.addEmployee.Admin(addEmployee.java:32)
	at POM.addEmployee.Admin(addEmployee.java:32)
	at POM.addEmployee.Admin(addEmployee.java:32)
	at POM.addEmployee.Admin(addEmployee.java:32)
	at POM.addEmployee.Admin(addEmployee.java:32)
	at POM.addEmployee.Admin(addEmployee.java:32)
	at POM.addEmployee.Admin(addEmployee.java:32)
	at POM.addEmployee.Admin(addEmployee.java:32)
	at POM.addEmployee.Admin(addEmployee.java:32)
	at POM.addEmployee.Admin(addEmployee.java:32)
	at POM.addEmployee.Admin(addEmployee.java:32)
	at POM.addEmployee.Admin(addEmployee.java:32)
	at POM.addEmployee.Admin(addEmployee.java:32)
	at POM.addEmployee.Admin(addEmployee.java:32)
	at POM.addEmployee.Admin(addEmployee.java:32)
	at POM.addEmployee.Admin(addEmployee.java:32)
	at POM.addEmployee.Admin(addEmployee.java:32)
	at POM.addEmployee.Admin(addEmployee.java:32)
	at POM.addEmployee.Admin(addEmployee.java:32)
	at POM.addEmployee.Admin(addEmployee.java:32)
	at POM.addEmployee.Admin(addEmployee.java:32)
	at POM.addEmployee.Admin(addEmployee.java:32)
	at POM.addEmployee.Admin(addEmployee.java:32)
	at POM.addEmployee.Admin(addEmployee.java:32)
	at POM.addEmployee.Admin(addEmployee.java:32)
	at POM.addEmployee.Admin(addEmployee.java:32)
	at POM.addEmployee.Admin(addEmployee.java:32)
	at POM.addEmployee.Admin(addEmployee.java:32)
	at POM.addEmployee.Admin(addEmployee.java:32)
	at POM.addEmployee.Admin(addEmployee.java:32)
	at POM.addEmployee.Admin(addEmployee.java:32)
	at POM.addEmployee.Admin(addEmployee.java:32)
	at POM.addEmployee.Admin(addEmployee.java:32)
	at POM.addEmployee.Admin(addEmployee.java:32)
	at POM.addEmployee.Admin(addEmployee.java:32)
	at POM.addEmployee.Admin(addEmployee.java:32)
	at POM.addEmployee.Admin(addEmployee.java:32)
	at POM.addEmployee.Admin(addEmployee.java:32)
	at POM.addEmployee.Admin(addEmployee.java:32)
	at POM.addEmployee.Admin(addEmployee.java:32)
	at POM.addEmployee.Admin(addEmployee.java:32)
	at POM.addEmployee.Admin(addEmployee.java:32)
	at POM.addEmployee.Admin(addEmployee.java:32)
	at POM.addEmployee.Admin(addEmployee.java:32)
	at POM.addEmployee.Admin(addEmployee.java:32)
	at POM.addEmployee.Admin(addEmployee.java:32)
	at POM.addEmployee.Admin(addEmployee.java:32)
	at POM.addEmployee.Admin(addEmployee.java:32)
	at POM.addEmployee.Admin(addEmployee.java:32)
	at POM.addEmployee.Admin(addEmployee.java:32)
	at POM.addEmployee.Admin(addEmployee.java:32)
	at POM.addEmployee.Admin(addEmployee.java:32)
	at POM.addEmployee.Admin(addEmployee.java:32)
	at POM.addEmployee.Admin(addEmployee.java:32)
	at POM.addEmployee.Admin(addEmployee.java:32)
	at POM.addEmployee.Admin(addEmployee.java:32)
	at POM.addEmployee.Admin(addEmployee.java:32)
	at POM.addEmployee.Admin(addEmployee.java:32)
	at POM.addEmployee.Admin(addEmployee.java:32)
	at POM.addEmployee.Admin(addEmployee.java:32)
	at POM.addEmployee.Admin(addEmployee.java:32)
	at POM.addEmployee.Admin(addEmployee.java:32)
	at POM.addEmployee.Admin(addEmployee.java:32)
	at POM.addEmployee.Admin(addEmployee.java:32)
	at POM.addEmployee.Admin(addEmployee.java:32)
	at POM.addEmployee.Admin(addEmployee.java:32)
	at POM.addEmployee.Admin(addEmployee.java:32)
	at POM.addEmployee.Admin(addEmployee.java:32)
	at POM.addEmployee.Admin(addEmployee.java:32)
	at POM.addEmployee.Admin(addEmployee.java:32)
	at POM.addEmployee.Admin(addEmployee.java:32)
	at POM.addEmployee.Admin(addEmployee.java:32)
	at POM.addEmployee.Admin(addEmployee.java:32)
	at POM.addEmployee.Admin(addEmployee.java:32)
	at POM.addEmployee.Admin(addEmployee.java:32)
	at POM.addEmployee.Admin(addEmployee.java:32)
	at POM.addEmployee.Admin(addEmployee.java:32)
	at POM.addEmployee.Admin(addEmployee.java:32)
	at POM.addEmployee.Admin(addEmployee.java:32)
	at POM.addEmployee.Admin(addEmployee.java:32)
	at POM.addEmployee.Admin(addEmployee.java:32)
	at POM.addEmployee.Admin(addEmployee.java:32)
	at POM.addEmployee.Admin(addEmployee.java:32)
	at POM.addEmployee.Admin(addEmployee.java:32)
	at POM.addEmployee.Admin(addEmployee.java:32)
	at POM.addEmployee.Admin(addEmployee.java:32)
	at POM.addEmployee.Admin(addEmployee.java:32)
	at POM.addEmployee.Admin(addEmployee.java:32)
	at POM.addEmployee.Admin(addEmployee.java:32)
	at POM.addEmployee.Admin(addEmployee.java:32)
	at POM.addEmployee.Admin(addEmployee.java:32)
	at POM.addEmployee.Admin(addEmployee.java:32)
	at POM.addEmployee.Admin(addEmployee.java:32)
	at POM.addEmployee.Admin(addEmployee.java:32)
	at POM.addEmployee.Admin(addEmployee.java:32)
	at POM.addEmployee.Admin(addEmployee.java:32)
	at POM.addEmployee.Admin(addEmployee.java:32)
	at POM.addEmployee.Admin(addEmployee.java:32)
	at POM.addEmployee.Admin(addEmployee.java:32)
	at POM.addEmployee.Admin(addEmployee.java:32)
	at POM.addEmployee.Admin(addEmployee.java:32)
	at POM.addEmployee.Admin(addEmployee.java:32)
	at POM.addEmployee.Admin(addEmployee.java:32)
	at POM.addEmployee.Admin(addEmployee.java:32)
	at POM.addEmployee.Admin(addEmployee.java:32)
	at POM.addEmployee.Admin(addEmployee.java:32)
	at POM.addEmployee.Admin(addEmployee.java:32)
	at POM.addEmployee.Admin(addEmployee.java:32)
	at POM.addEmployee.Admin(addEmployee.java:32)
	at POM.addEmployee.Admin(addEmployee.java:32)
	at POM.addEmployee.Admin(addEmployee.java:32)
	at POM.addEmployee.Admin(addEmployee.java:32)
	at POM.addEmployee.Admin(addEmployee.java:32)
	at POM.addEmployee.Admin(addEmployee.java:32)
	at POM.addEmployee.Admin(addEmployee.java:32)
	at POM.addEmployee.Admin(addEmployee.java:32)
	at POM.addEmployee.Admin(addEmployee.java:32)
	at POM.addEmployee.Admin(addEmployee.java:32)
	at POM.addEmployee.Admin(addEmployee.java:32)
	at POM.addEmployee.Admin(addEmployee.java:32)
	at POM.addEmployee.Admin(addEmployee.java:32)
	at POM.addEmployee.Admin(addEmployee.java:32)
	at POM.addEmployee.Admin(addEmployee.java:32)
	at POM.addEmployee.Admin(addEmployee.java:32)
	at POM.addEmployee.Admin(addEmployee.java:32)
	at POM.addEmployee.Admin(addEmployee.java:32)
	at POM.addEmployee.Admin(addEmployee.java:32)
	at POM.addEmployee.Admin(addEmployee.java:32)
	at POM.addEmployee.Admin(addEmployee.java:32)
	at POM.addEmployee.Admin(addEmployee.java:32)
	at POM.addEmployee.Admin(addEmployee.java:32)
	at POM.addEmployee.Admin(addEmployee.java:32)
	at POM.addEmployee.Admin(addEmployee.java:32)
	at POM.addEmployee.Admin(addEmployee.java:32)
	at POM.addEmployee.Admin(addEmployee.java:32)
	at POM.addEmployee.Admin(addEmployee.java:32)
	at POM.addEmployee.Admin(addEmployee.java:32)
	at POM.addEmployee.Admin(addEmployee.java:32)
	at POM.addEmployee.Admin(addEmployee.java:32)
	at POM.addEmployee.Admin(addEmployee.java:32)
	at POM.addEmployee.Admin(addEmployee.java:32)
	at POM.addEmployee.Admin(addEmployee.java:32)
	at POM.addEmployee.Admin(addEmployee.java:32)
	at POM.addEmployee.Admin(addEmployee.java:32)
	at POM.addEmployee.Admin(addEmployee.java:32)
	at POM.addEmployee.Admin(addEmployee.java:32)
	at POM.addEmployee.Admin(addEmployee.java:32)
	at POM.addEmployee.Admin(addEmployee.java:32)
	at POM.addEmployee.Admin(addEmployee.java:32)
	at POM.addEmployee.Admin(addEmployee.java:32)
	at POM.addEmployee.Admin(addEmployee.java:32)
	at POM.addEmployee.Admin(addEmployee.java:32)
	at POM.addEmployee.Admin(addEmployee.java:32)
	at POM.addEmployee.Admin(addEmployee.java:32)
	at POM.addEmployee.Admin(addEmployee.java:32)
	at POM.addEmployee.Admin(addEmployee.java:32)
	at POM.addEmployee.Admin(addEmployee.java:32)
	at POM.addEmployee.Admin(addEmployee.java:32)
	at POM.addEmployee.Admin(addEmployee.java:32)
	at POM.addEmployee.Admin(addEmployee.java:32)
	at POM.addEmployee.Admin(addEmployee.java:32)
	at POM.addEmployee.Admin(addEmployee.java:32)
	at POM.addEmployee.Admin(addEmployee.java:32)
	at POM.addEmployee.Admin(addEmployee.java:32)
	at POM.addEmployee.Admin(addEmployee.java:32)
	at POM.addEmployee.Admin(addEmployee.java:32)
	at POM.addEmployee.Admin(addEmployee.java:32)
	at POM.addEmployee.Admin(addEmployee.java:32)
	at POM.addEmployee.Admin(addEmployee.java:32)
	at POM.addEmployee.Admin(addEmployee.java:32)
	at POM.addEmployee.Admin(addEmployee.java:32)
	at POM.addEmployee.Admin(addEmployee.java:32)
	at POM.addEmployee.Admin(addEmployee.java:32)
	at POM.addEmployee.Admin(addEmployee.java:32)
	at POM.addEmployee.Admin(addEmployee.java:32)
	at POM.addEmployee.Admin(addEmployee.java:32)
	at POM.addEmployee.Admin(addEmployee.java:32)
	at POM.addEmployee.Admin(addEmployee.java:32)
	at POM.addEmployee.Admin(addEmployee.java:32)
	at POM.addEmployee.Admin(addEmployee.java:32)
	at POM.addEmployee.Admin(addEmployee.java:32)
	at POM.addEmployee.Admin(addEmployee.java:32)
	at POM.addEmployee.Admin(addEmployee.java:32)
	at POM.addEmployee.Admin(addEmployee.java:32)
	at POM.addEmployee.Admin(addEmployee.java:32)
	at POM.addEmployee.Admin(addEmployee.java:32)
	at POM.addEmployee.Admin(addEmployee.java:32)
	at POM.addEmployee.Admin(addEmployee.java:32)
	at POM.addEmployee.Admin(addEmployee.java:32)
	at POM.addEmployee.Admin(addEmployee.java:32)
	at POM.addEmployee.Admin(addEmployee.java:32)
	at POM.addEmployee.Admin(addEmployee.java:32)
	at POM.addEmployee.Admin(addEmployee.java:32)
	at POM.addEmployee.Admin(addEmployee.java:32)
	at POM.addEmployee.Admin(addEmployee.java:32)
	at POM.addEmployee.Admin(addEmployee.java:32)
	at POM.addEmployee.Admin(addEmployee.java:32)
	at POM.addEmployee.Admin(addEmployee.java:32)
	at POM.addEmployee.Admin(addEmployee.java:32)
	at POM.addEmployee.Admin(addEmployee.java:32)
	at POM.addEmployee.Admin(addEmployee.java:32)
	at POM.addEmployee.Admin(addEmployee.java:32)
	at POM.addEmployee.Admin(addEmployee.java:32)
	at POM.addEmployee.Admin(addEmployee.java:32)
	at POM.addEmployee.Admin(addEmployee.java:32)
	at POM.addEmployee.Admin(addEmployee.java:32)
	at POM.addEmployee.Admin(addEmployee.java:32)
	at POM.addEmployee.Admin(addEmployee.java:32)
	at POM.addEmployee.Admin(addEmployee.java:32)
	at POM.addEmployee.Admin(addEmployee.java:32)
	at POM.addEmployee.Admin(addEmployee.java:32)
	at POM.addEmployee.Admin(addEmployee.java:32)
	at POM.addEmployee.Admin(addEmployee.java:32)
	at POM.addEmployee.Admin(addEmployee.java:32)
	at POM.addEmployee.Admin(addEmployee.java:32)
	at POM.addEmployee.Admin(addEmployee.java:32)
	at POM.addEmployee.Admin(addEmployee.java:32)
	at POM.addEmployee.Admin(addEmployee.java:32)
	at POM.addEmployee.Admin(addEmployee.java:32)
	at POM.addEmployee.Admin(addEmployee.java:32)
	at POM.addEmployee.Admin(addEmployee.java:32)
	at POM.addEmployee.Admin(addEmployee.java:32)
	at POM.addEmployee.Admin(addEmployee.java:32)
	at POM.addEmployee.Admin(addEmployee.java:32)
	at POM.addEmployee.Admin(addEmployee.java:32)
	at POM.addEmployee.Admin(addEmployee.java:32)
	at POM.addEmployee.Admin(addEmployee.java:32)
	at POM.addEmployee.Admin(addEmployee.java:32)
	at POM.addEmployee.Admin(addEmployee.java:32)
	at POM.addEmployee.Admin(addEmployee.java:32)
	at POM.addEmployee.Admin(addEmployee.java:32)
	at POM.addEmployee.Admin(addEmployee.java:32)
	at POM.addEmployee.Admin(addEmployee.java:32)
	at POM.addEmployee.Admin(addEmployee.java:32)
	at POM.addEmployee.Admin(addEmployee.java:32)
	at POM.addEmployee.Admin(addEmployee.java:32)
	at POM.addEmployee.Admin(addEmployee.java:32)
	at POM.addEmployee.Admin(addEmployee.java:32)
	at POM.addEmployee.Admin(addEmployee.java:32)
	at POM.addEmployee.Admin(addEmployee.java:32)
	at POM.addEmployee.Admin(addEmployee.java:32)
	at POM.addEmployee.Admin(addEmployee.java:32)
	at POM.addEmployee.Admin(addEmployee.java:32)
	at POM.addEmployee.Admin(addEmployee.java:32)
	at POM.addEmployee.Admin(addEmployee.java:32)
	at POM.addEmployee.Admin(addEmployee.java:32)
	at POM.addEmployee.Admin(addEmployee.java:32)
	at POM.addEmployee.Admin(addEmployee.java:32)
	at POM.addEmployee.Admin(addEmployee.java:32)
	at POM.addEmployee.Admin(addEmployee.java:32)
	at POM.addEmployee.Admin(addEmployee.java:32)
	at POM.addEmployee.Admin(addEmployee.java:32)
	at POM.addEmployee.Admin(addEmployee.java:32)
	at POM.addEmployee.Admin(addEmployee.java:32)
	at POM.addEmployee.Admin(addEmployee.java:32)
	at POM.addEmployee.Admin(addEmployee.java:32)
	at POM.addEmployee.Admin(addEmployee.java:32)
	at POM.addEmployee.Admin(addEmployee.java:32)
	at POM.addEmployee.Admin(addEmployee.java:32)
	at POM.addEmployee.Admin(addEmployee.java:32)
	at POM.addEmployee.Admin(addEmployee.java:32)
	at POM.addEmployee.Admin(addEmployee.java:32)
	at POM.addEmployee.Admin(addEmployee.java:32)
	at POM.addEmployee.Admin(addEmployee.java:32)
	at POM.addEmployee.Admin(addEmployee.java:32)
	at POM.addEmployee.Admin(addEmployee.java:32)
	at POM.addEmployee.Admin(addEmployee.java:32)
	at POM.addEmployee.Admin(addEmployee.java:32)
	at POM.addEmployee.Admin(addEmployee.java:32)
	at POM.addEmployee.Admin(addEmployee.java:32)
	at POM.addEmployee.Admin(addEmployee.java:32)
	at POM.addEmployee.Admin(addEmployee.java:32)
	at POM.addEmployee.Admin(addEmployee.java:32)
	at POM.addEmployee.Admin(addEmployee.java:32)
	at POM.addEmployee.Admin(addEmployee.java:32)
	at POM.addEmployee.Admin(addEmployee.java:32)
	at POM.addEmployee.Admin(addEmployee.java:32)
	at POM.addEmployee.Admin(addEmployee.java:32)
	at POM.addEmployee.Admin(addEmployee.java:32)
	at POM.addEmployee.Admin(addEmployee.java:32)
	at POM.addEmployee.Admin(addEmployee.java:32)
	at POM.addEmployee.Admin(addEmployee.java:32)
	at POM.addEmployee.Admin(addEmployee.java:32)
	at POM.addEmployee.Admin(addEmployee.java:32)
	at POM.addEmployee.Admin(addEmployee.java:32)
	at POM.addEmployee.Admin(addEmployee.java:32)
	at POM.addEmployee.Admin(addEmployee.java:32)
	at POM.addEmployee.Admin(addEmployee.java:32)
	at POM.addEmployee.Admin(addEmployee.java:32)
	at POM.addEmployee.Admin(addEmployee.java:32)
	at POM.addEmployee.Admin(addEmployee.java:32)
	at POM.addEmployee.Admin(addEmployee.java:32)
	at POM.addEmployee.Admin(addEmployee.java:32)
	at POM.addEmployee.Admin(addEmployee.java:32)
	at POM.addEmployee.Admin(addEmployee.java:32)
	at POM.addEmployee.Admin(addEmployee.java:32)
	at POM.addEmployee.Admin(addEmployee.java:32)
	at POM.addEmployee.Admin(addEmployee.java:32)
	at POM.addEmployee.Admin(addEmployee.java:32)
	at POM.addEmployee.Admin(addEmployee.java:32)
	at POM.addEmployee.Admin(addEmployee.java:32)
	at POM.addEmployee.Admin(addEmployee.java:32)
	at POM.addEmployee.Admin(addEmployee.java:32)
	at POM.addEmployee.Admin(addEmployee.java:32)
	at POM.addEmployee.Admin(addEmployee.java:32)
	at POM.addEmployee.Admin(addEmployee.java:32)
	at POM.addEmployee.Admin(addEmployee.java:32)
	at POM.addEmployee.Admin(addEmployee.java:32)
	at POM.addEmployee.Admin(addEmployee.java:32)
	at POM.addEmployee.Admin(addEmployee.java:32)
	at POM.addEmployee.Admin(addEmployee.java:32)
	at POM.addEmployee.Admin(addEmployee.java:32)
	at POM.addEmployee.Admin(addEmployee.java:32)
	at POM.addEmployee.Admin(addEmployee.java:32)
	at POM.addEmployee.Admin(addEmployee.java:32)
	at POM.addEmployee.Admin(addEmployee.java:32)
	at POM.addEmployee.Admin(addEmployee.java:32)
	at POM.addEmployee.Admin(addEmployee.java:32)
	at POM.addEmployee.Admin(addEmployee.java:32)
	at POM.addEmployee.Admin(addEmployee.java:32)
	at POM.addEmployee.Admin(addEmployee.java:32)
	at POM.addEmployee.Admin(addEmployee.java:32)
	at POM.addEmployee.Admin(addEmployee.java:32)
	at POM.addEmployee.Admin(addEmployee.java:32)
	at POM.addEmployee.Admin(addEmployee.java:32)
	at POM.addEmployee.Admin(addEmployee.java:32)
	at POM.addEmployee.Admin(addEmployee.java:32)
	at POM.addEmployee.Admin(addEmployee.java:32)
	at POM.addEmployee.Admin(addEmployee.java:32)
	at POM.addEmployee.Admin(addEmployee.java:32)
	at POM.addEmployee.Admin(addEmployee.java:32)
	at POM.addEmployee.Admin(addEmployee.java:32)
	at POM.addEmployee.Admin(addEmployee.java:32)
	at POM.addEmployee.Admin(addEmployee.java:32)
	at POM.addEmployee.Admin(addEmployee.java:32)
	at POM.addEmployee.Admin(addEmployee.java:32)
	at POM.addEmployee.Admin(addEmployee.java:32)
	at POM.addEmployee.Admin(addEmployee.java:32)
	at POM.addEmployee.Admin(addEmployee.java:32)
	at POM.addEmployee.Admin(addEmployee.java:32)
	at POM.addEmployee.Admin(addEmployee.java:32)
	at POM.addEmployee.Admin(addEmployee.java:32)
	at POM.addEmployee.Admin(addEmployee.java:32)
	at POM.addEmployee.Admin(addEmployee.java:32)
	at POM.addEmployee.Admin(addEmployee.java:32)
	at POM.addEmployee.Admin(addEmployee.java:32)
	at POM.addEmployee.Admin(addEmployee.java:32)
	at POM.addEmployee.Admin(addEmployee.java:32)
	at POM.addEmployee.Admin(addEmployee.java:32)
	at POM.addEmployee.Admin(addEmployee.java:32)
	at POM.addEmployee.Admin(addEmployee.java:32)
	at POM.addEmployee.Admin(addEmployee.java:32)
	at POM.addEmployee.Admin(addEmployee.java:32)
	at POM.addEmployee.Admin(addEmployee.java:32)
	at POM.addEmployee.Admin(addEmployee.java:32)
	at POM.addEmployee.Admin(addEmployee.java:32)
	at POM.addEmployee.Admin(addEmployee.java:32)
	at POM.addEmployee.Admin(addEmployee.java:32)
	at POM.addEmployee.Admin(addEmployee.java:32)
	at POM.addEmployee.Admin(addEmployee.java:32)
	at POM.addEmployee.Admin(addEmployee.java:32)
	at POM.addEmployee.Admin(addEmployee.java:32)
	at POM.addEmployee.Admin(addEmployee.java:32)
	at POM.addEmployee.Admin(addEmployee.java:32)
	at POM.addEmployee.Admin(addEmployee.java:32)
	at POM.addEmployee.Admin(addEmployee.java:32)
	at POM.addEmployee.Admin(addEmployee.java:32)
	at POM.addEmployee.Admin(addEmployee.java:32)
	at POM.addEmployee.Admin(addEmployee.java:32)
	at POM.addEmployee.Admin(addEmployee.java:32)
	at POM.addEmployee.Admin(addEmployee.java:32)
	at POM.addEmployee.Admin(addEmployee.java:32)
	at POM.addEmployee.Admin(addEmployee.java:32)
	at POM.addEmployee.Admin(addEmployee.java:32)
	at POM.addEmployee.Admin(addEmployee.java:32)
	at POM.addEmployee.Admin(addEmployee.java:32)
	at POM.addEmployee.Admin(addEmployee.java:32)
	at POM.addEmployee.Admin(addEmployee.java:32)
	at POM.addEmployee.Admin(addEmployee.java:32)
	at POM.addEmployee.Admin(addEmployee.java:32)
	at POM.addEmployee.Admin(addEmployee.java:32)
	at POM.addEmployee.Admin(addEmployee.java:32)
	at POM.addEmployee.Admin(addEmployee.java:32)
	at POM.addEmployee.Admin(addEmployee.java:32)
	at POM.addEmployee.Admin(addEmployee.java:32)
	at POM.addEmployee.Admin(addEmployee.java:32)
	at POM.addEmployee.Admin(addEmployee.java:32)
	at POM.addEmployee.Admin(addEmployee.java:32)
	at POM.addEmployee.Admin(addEmployee.java:32)
	at POM.addEmployee.Admin(addEmployee.java:32)
	at POM.addEmployee.Admin(addEmployee.java:32)
	at POM.addEmployee.Admin(addEmployee.java:32)
	at POM.addEmployee.Admin(addEmployee.java:32)
	at POM.addEmployee.Admin(addEmployee.java:32)
	at POM.addEmployee.Admin(addEmployee.java:32)
	at POM.addEmployee.Admin(addEmployee.java:32)
	at POM.addEmployee.Admin(addEmployee.java:32)
	at POM.addEmployee.Admin(addEmployee.java:32)
	at POM.addEmployee.Admin(addEmployee.java:32)
	at POM.addEmployee.Admin(addEmployee.java:32)
	at POM.addEmployee.Admin(addEmployee.java:32)
	at POM.addEmployee.Admin(addEmployee.java:32)
	at POM.addEmployee.Admin(addEmployee.java:32)
	at POM.addEmployee.Admin(addEmployee.java:32)
	at POM.addEmployee.Admin(addEmployee.java:32)
	at POM.addEmployee.Admin(addEmployee.java:32)
	at POM.addEmployee.Admin(addEmployee.java:32)
	at POM.addEmployee.Admin(addEmployee.java:32)
	at POM.addEmployee.Admin(addEmployee.java:32)
	at POM.addEmployee.Admin(addEmployee.java:32)
	at POM.addEmployee.Admin(addEmployee.java:32)
	at POM.addEmployee.Admin(addEmployee.java:32)
	at POM.addEmployee.Admin(addEmployee.java:32)
	at POM.addEmployee.Admin(addEmployee.java:32)
	at POM.addEmployee.Admin(addEmployee.java:32)
	at POM.addEmployee.Admin(addEmployee.java:32)
	at POM.addEmployee.Admin(addEmployee.java:32)
	at POM.addEmployee.Admin(addEmployee.java:32)
	at POM.addEmployee.Admin(addEmployee.java:32)
	at POM.addEmployee.Admin(addEmployee.java:32)
	at POM.addEmployee.Admin(addEmployee.java:32)
	at POM.addEmployee.Admin(addEmployee.java:32)
	at POM.addEmployee.Admin(addEmployee.java:32)
	at POM.addEmployee.Admin(addEmployee.java:32)
	at POM.addEmployee.Admin(addEmployee.java:32)
	at POM.addEmployee.Admin(addEmployee.java:32)
	at POM.addEmployee.Admin(addEmployee.java:32)
	at POM.addEmployee.Admin(addEmployee.java:32)
	at POM.addEmployee.Admin(addEmployee.java:32)
	at POM.addEmployee.Admin(addEmployee.java:32)
	at POM.addEmployee.Admin(addEmployee.java:32)
	at POM.addEmployee.Admin(addEmployee.java:32)
	at POM.addEmployee.Admin(addEmployee.java:32)
	at POM.addEmployee.Admin(addEmployee.java:32)
	at POM.addEmployee.Admin(addEmployee.java:32)
	at POM.addEmployee.Admin(addEmployee.java:32)
	at POM.addEmployee.Admin(addEmployee.java:32)
	at POM.addEmployee.Admin(addEmployee.java:32)
	at POM.addEmployee.Admin(addEmployee.java:32)
	at POM.addEmployee.Admin(addEmployee.java:32)
	at POM.addEmployee.Admin(addEmployee.java:32)
	at POM.addEmployee.Admin(addEmployee.java:32)
	at POM.addEmployee.Admin(addEmployee.java:32)
	at POM.addEmployee.Admin(addEmployee.java:32)
	at POM.addEmployee.Admin(addEmployee.java:32)
	at POM.addEmployee.Admin(addEmployee.java:32)
	at POM.addEmployee.Admin(addEmployee.java:32)
	at POM.addEmployee.Admin(addEmployee.java:32)
	at POM.addEmployee.Admin(addEmployee.java:32)
	at POM.addEmployee.Admin(addEmployee.java:32)
	at POM.addEmployee.Admin(addEmployee.java:32)
	at POM.addEmployee.Admin(addEmployee.java:32)
	at POM.addEmployee.Admin(addEmployee.java:32)
	at POM.addEmployee.Admin(addEmployee.java:32)
	at POM.addEmployee.Admin(addEmployee.java:32)
	at POM.addEmployee.Admin(addEmployee.java:32)
	at POM.addEmployee.Admin(addEmployee.java:32)
	at POM.addEmployee.Admin(addEmployee.java:32)
	at POM.addEmployee.Admin(addEmployee.java:32)
	at POM.addEmployee.Admin(addEmployee.java:32)
	at POM.addEmployee.Admin(addEmployee.java:32)
	at POM.addEmployee.Admin(addEmployee.java:32)
	at POM.addEmployee.Admin(addEmployee.java:32)
	at POM.addEmployee.Admin(addEmployee.java:32)
	at POM.addEmployee.Admin(addEmployee.java:32)
	at POM.addEmployee.Admin(addEmployee.java:32)
	at POM.addEmployee.Admin(addEmployee.java:32)
	at POM.addEmployee.Admin(addEmployee.java:32)
	at POM.addEmployee.Admin(addEmployee.java:32)
	at POM.addEmployee.Admin(addEmployee.java:32)
	at POM.addEmployee.Admin(addEmployee.java:32)
	at POM.addEmployee.Admin(addEmployee.java:32)
	at POM.addEmployee.Admin(addEmployee.java:32)
	at POM.addEmployee.Admin(addEmployee.java:32)
	at POM.addEmployee.Admin(addEmployee.java:32)
	at POM.addEmployee.Admin(addEmployee.java:32)
	at POM.addEmployee.Admin(addEmployee.java:32)
	at POM.addEmployee.Admin(addEmployee.java:32)
	at POM.addEmployee.Admin(addEmployee.java:32)
	at POM.addEmployee.Admin(addEmployee.java:32)
	at POM.addEmployee.Admin(addEmployee.java:32)
	at POM.addEmployee.Admin(addEmployee.java:32)
	at POM.addEmployee.Admin(addEmployee.java:32)
	at POM.addEmployee.Admin(addEmployee.java:32)
	at POM.addEmployee.Admin(addEmployee.java:32)
	at POM.addEmployee.Admin(addEmployee.java:32)
	at POM.addEmployee.Admin(addEmployee.java:32)
	at POM.addEmployee.Admin(addEmployee.java:32)
	at POM.addEmployee.Admin(addEmployee.java:32)
	at POM.addEmployee.Admin(addEmployee.java:32)
	at POM.addEmployee.Admin(addEmployee.java:32)
	at POM.addEmployee.Admin(addEmployee.java:32)
	at POM.addEmployee.Admin(addEmployee.java:32)
	at POM.addEmployee.Admin(addEmployee.java:32)
	at POM.addEmployee.Admin(addEmployee.java:32)
	at POM.addEmployee.Admin(addEmployee.java:32)
	at POM.addEmployee.Admin(addEmployee.java:32)
	at POM.addEmployee.Admin(addEmployee.java:32)
	at POM.addEmployee.Admin(addEmployee.java:32)
	at POM.addEmployee.Admin(addEmployee.java:32)
	at POM.addEmployee.Admin(addEmployee.java:32)
	at POM.addEmployee.Admin(addEmployee.java:32)
	at POM.addEmployee.Admin(addEmployee.java:32)
	at POM.addEmployee.Admin(addEmployee.java:32)
	at POM.addEmployee.Admin(addEmployee.java:32)
	at POM.addEmployee.Admin(addEmployee.java:32)
	at POM.addEmployee.Admin(addEmployee.java:32)
	at POM.addEmployee.Admin(addEmployee.java:32)
	at POM.addEmployee.Admin(addEmployee.java:32)
	at POM.addEmployee.Admin(addEmployee.java:32)
	at POM.addEmployee.Admin(addEmployee.java:32)
	at POM.addEmployee.Admin(addEmployee.java:32)
	at POM.addEmployee.Admin(addEmployee.java:32)
	at POM.addEmployee.Admin(addEmployee.java:32)
	at POM.addEmployee.Admin(addEmployee.java:32)
	at POM.addEmployee.Admin(addEmployee.java:32)
	at POM.addEmployee.Admin(addEmployee.java:32)
	at POM.addEmployee.Admin(addEmployee.java:32)
	at POM.addEmployee.Admin(addEmployee.java:32)
	at POM.addEmployee.Admin(addEmployee.java:32)
	at POM.addEmployee.Admin(addEmployee.java:32)
	at POM.addEmployee.Admin(addEmployee.java:32)
	at POM.addEmployee.Admin(addEmployee.java:32)
	at POM.addEmployee.Admin(addEmployee.java:32)
	at POM.addEmployee.Admin(addEmployee.java:32)
	at POM.addEmployee.Admin(addEmployee.java:32)
	at POM.addEmployee.Admin(addEmployee.java:32)
	at POM.addEmployee.Admin(addEmployee.java:32)
	at POM.addEmployee.Admin(addEmployee.java:32)
	at POM.addEmployee.Admin(addEmployee.java:32)
	at POM.addEmployee.Admin(addEmployee.java:32)
	at POM.addEmployee.Admin(addEmployee.java:32)
	at POM.addEmployee.Admin(addEmployee.java:32)
	at POM.addEmployee.Admin(addEmployee.java:32)
	at POM.addEmployee.Admin(addEmployee.java:32)
	at POM.addEmployee.Admin(addEmployee.java:32)
	at POM.addEmployee.Admin(addEmployee.java:32)
	at POM.addEmployee.Admin(addEmployee.java:32)
	at POM.addEmployee.Admin(addEmployee.java:32)
	at POM.addEmployee.Admin(addEmployee.java:32)
	at POM.addEmployee.Admin(addEmployee.java:32)
	at POM.addEmployee.Admin(addEmployee.java:32)
	at POM.addEmployee.Admin(addEmployee.java:32)
	at POM.addEmployee.Admin(addEmployee.java:32)
	at POM.addEmployee.Admin(addEmployee.java:32)
	at POM.addEmployee.Admin(addEmployee.java:32)
	at POM.addEmployee.Admin(addEmployee.java:32)
	at POM.addEmployee.Admin(addEmployee.java:32)
	at POM.addEmployee.Admin(addEmployee.java:32)
	at POM.addEmployee.Admin(addEmployee.java:32)
	at POM.addEmployee.Admin(addEmployee.java:32)
	at POM.addEmployee.Admin(addEmployee.java:32)
	at POM.addEmployee.Admin(addEmployee.java:32)
	at POM.addEmployee.Admin(addEmployee.java:32)
	at POM.addEmployee.Admin(addEmployee.java:32)
	at POM.addEmployee.Admin(addEmployee.java:32)
	at POM.addEmployee.Admin(addEmployee.java:32)
	at POM.addEmployee.Admin(addEmployee.java:32)
	at POM.addEmployee.Admin(addEmployee.java:32)
	at POM.addEmployee.Admin(addEmployee.java:32)
	at POM.addEmployee.Admin(addEmployee.java:32)
	at POM.addEmployee.Admin(addEmployee.java:32)
	at POM.addEmployee.Admin(addEmployee.java:32)
	at POM.addEmployee.Admin(addEmployee.java:32)
	at POM.addEmployee.Admin(addEmployee.java:32)
	at POM.addEmployee.Admin(addEmployee.java:32)
	at POM.addEmployee.Admin(addEmployee.java:32)
	at POM.addEmployee.Admin(addEmployee.java:32)
	at POM.addEmployee.Admin(addEmployee.java:32)
	at POM.addEmployee.Admin(addEmployee.java:32)
	at POM.addEmployee.Admin(addEmployee.java:32)
	at POM.addEmployee.Admin(addEmployee.java:32)
	at POM.addEmployee.Admin(addEmployee.java:32)
	at POM.addEmployee.Admin(addEmployee.java:32)
	at POM.addEmployee.Admin(addEmployee.java:32)
	at POM.addEmployee.Admin(addEmployee.java:32)
	at POM.addEmployee.Admin(addEmployee.java:32)
	at POM.addEmployee.Admin(addEmployee.java:32)
	at POM.addEmployee.Admin(addEmployee.java:32)
	at POM.addEmployee.Admin(addEmployee.java:32)
	at POM.addEmployee.Admin(addEmployee.java:32)
	at POM.addEmployee.Admin(addEmployee.java:32)
	at POM.addEmployee.Admin(addEmployee.java:32)
	at POM.addEmployee.Admin(addEmployee.java:32)
	at POM.addEmployee.Admin(addEmployee.java:32)
	at POM.addEmployee.Admin(addEmployee.java:32)
	at POM.addEmployee.Admin(addEmployee.java:32)
	at POM.addEmployee.Admin(addEmployee.java:32)
	at POM.addEmployee.Admin(addEmployee.java:32)
	at POM.addEmployee.Admin(addEmployee.java:32)
	at POM.addEmployee.Admin(addEmployee.java:32)
	at POM.addEmployee.Admin(addEmployee.java:32)
	at POM.addEmployee.Admin(addEmployee.java:32)
	at POM.addEmployee.Admin(addEmployee.java:32)
	at POM.addEmployee.Admin(addEmployee.java:32)
	at POM.addEmployee.Admin(addEmployee.java:32)
	at POM.addEmployee.Admin(addEmployee.java:32)
	at POM.addEmployee.Admin(addEmployee.java:32)
	at POM.addEmployee.Admin(addEmployee.java:32)
	at POM.addEmployee.Admin(addEmployee.java:32)
	at POM.addEmployee.Admin(addEmployee.java:32)
	at POM.addEmployee.Admin(addEmployee.java:32)
	at POM.addEmployee.Admin(addEmployee.java:32)
	at POM.addEmployee.Admin(addEmployee.java:32)
	at POM.addEmployee.Admin(addEmployee.java:32)
	at POM.addEmployee.Admin(addEmployee.java:32)
	at POM.addEmployee.Admin(addEmployee.java:32)
	at POM.addEmployee.Admin(addEmployee.java:32)
	at POM.addEmployee.Admin(addEmployee.java:32)
	at POM.addEmployee.Admin(addEmployee.java:32)
	at POM.addEmployee.Admin(addEmployee.java:32)
	at POM.addEmployee.Admin(addEmployee.java:32)
	at POM.addEmployee.Admin(addEmployee.java:32)
	at POM.addEmployee.Admin(addEmployee.java:32)
	at POM.addEmployee.Admin(addEmployee.java:32)
	at POM.addEmployee.Admin(addEmployee.java:32)
	at POM.addEmployee.Admin(addEmployee.java:32)
	at POM.addEmployee.Admin(addEmployee.java:32)
	at POM.addEmployee.Admin(addEmployee.java:32)
	at POM.addEmployee.Admin(addEmployee.java:32)
	at POM.addEmployee.Admin(addEmployee.java:32)
	at POM.addEmployee.Admin(addEmployee.java:32)
	at POM.addEmployee.Admin(addEmployee.java:32)
	at POM.addEmployee.Admin(addEmployee.java:32)
	at POM.addEmployee.Admin(addEmployee.java:32)
	at POM.addEmployee.Admin(addEmployee.java:32)
	at POM.addEmployee.Admin(addEmployee.java:32)
	at POM.addEmployee.Admin(addEmployee.java:32)
	at POM.addEmployee.Admin(addEmployee.java:32)
	at POM.addEmployee.Admin(addEmployee.java:32)
	at POM.addEmployee.Admin(addEmployee.java:32)
	at POM.addEmployee.Admin(addEmployee.java:32)
	at POM.addEmployee.Admin(addEmployee.java:32)
	at POM.addEmployee.Admin(addEmployee.java:32)
	at POM.addEmployee.Admin(addEmployee.java:32)
	at POM.addEmployee.Admin(addEmployee.java:32)
	at POM.addEmployee.Admin(addEmployee.java:32)
	at POM.addEmployee.Admin(addEmployee.java:32)
	at POM.addEmployee.Admin(addEmployee.java:32)
	at POM.addEmployee.Admin(addEmployee.java:32)
	at POM.addEmployee.Admin(addEmployee.java:32)
	at POM.addEmployee.Admin(addEmployee.java:32)
	at POM.addEmployee.Admin(addEmployee.java:32)
	at POM.addEmployee.Admin(addEmployee.java:32)
	at POM.addEmployee.Admin(addEmployee.java:32)
	at POM.addEmployee.Admin(addEmployee.java:32)
	at POM.addEmployee.Admin(addEmployee.java:32)
	at POM.addEmployee.Admin(addEmployee.java:32)
	at POM.addEmployee.Admin(addEmployee.java:32)
	at POM.addEmployee.Admin(addEmployee.java:32)
	at POM.addEmployee.Admin(addEmployee.java:32)
	at POM.addEmployee.Admin(addEmployee.java:32)
	at POM.addEmployee.Admin(addEmployee.java:32)
	at POM.addEmployee.Admin(addEmployee.java:32)
	at POM.addEmployee.Admin(addEmployee.java:32)
	at POM.addEmployee.Admin(addEmployee.java:32)
	at POM.addEmployee.Admin(addEmployee.java:32)
	at POM.addEmployee.Admin(addEmployee.java:32)
	at POM.addEmployee.Admin(addEmployee.java:32)
	at POM.addEmployee.Admin(addEmployee.java:32)
	at POM.addEmployee.Admin(addEmployee.java:32)
	at POM.addEmployee.Admin(addEmployee.java:32)
	at POM.addEmployee.Admin(addEmployee.java:32)
	at POM.addEmployee.Admin(addEmployee.java:32)
	at POM.addEmployee.Admin(addEmployee.java:32)
	at POM.addEmployee.Admin(addEmployee.java:32)
	at POM.addEmployee.Admin(addEmployee.java:32)
	at POM.addEmployee.Admin(addEmployee.java:32)
	at POM.addEmployee.Admin(addEmployee.java:32)
	at POM.addEmployee.Admin(addEmployee.java:32)
	at POM.addEmployee.Admin(addEmployee.java:32)
	at POM.addEmployee.Admin(addEmployee.java:32)
	at POM.addEmployee.Admin(addEmployee.java:32)
	at POM.addEmployee.Admin(addEmployee.java:32)
	at POM.addEmployee.Admin(addEmployee.java:32)
	at POM.addEmployee.Admin(addEmployee.java:32)
	at POM.addEmployee.Admin(addEmployee.java:32)
	at POM.addEmployee.Admin(addEmployee.java:32)
	at POM.addEmployee.Admin(addEmployee.java:32)
	at POM.addEmployee.Admin(addEmployee.java:32)
	at POM.addEmployee.Admin(addEmployee.java:32)
	at POM.addEmployee.Admin(addEmployee.java:32)
	at POM.addEmployee.Admin(addEmployee.java:32)
	at POM.addEmployee.Admin(addEmployee.java:32)
	at POM.addEmployee.Admin(addEmployee.java:32)
	at POM.addEmployee.Admin(addEmployee.java:32)
	at POM.addEmployee.Admin(addEmployee.java:32)
	at POM.addEmployee.Admin(addEmployee.java:32)
	at POM.addEmployee.Admin(addEmployee.java:32)
	at POM.addEmployee.Admin(addEmployee.java:32)
	at POM.addEmployee.Admin(addEmployee.java:32)
	at POM.addEmployee.Admin(addEmployee.java:32)
	at POM.addEmployee.Admin(addEmployee.java:32)
	at POM.addEmployee.Admin(addEmployee.java:32)
	at POM.addEmployee.Admin(addEmployee.java:32)
	at POM.addEmployee.Admin(addEmployee.java:32)
	at POM.addEmployee.Admin(addEmployee.java:32)
	at POM.addEmployee.Admin(addEmployee.java:32)
	at POM.addEmployee.Admin(addEmployee.java:32)
	at POM.addEmployee.Admin(addEmployee.java:32)
	at POM.addEmployee.Admin(addEmployee.java:32)
	at POM.addEmployee.Admin(addEmployee.java:32)
	at POM.addEmployee.Admin(addEmployee.java:32)
	at POM.addEmployee.Admin(addEmployee.java:32)
	at POM.addEmployee.Admin(addEmployee.java:32)
	at POM.addEmployee.Admin(addEmployee.java:32)
	at POM.addEmployee.Admin(addEmployee.java:32)
	at POM.addEmployee.Admin(addEmployee.java:32)
	at POM.addEmployee.Admin(addEmployee.java:32)
	at POM.addEmployee.Admin(addEmployee.java:32)
	at POM.addEmployee.Admin(addEmployee.java:32)
	at POM.addEmployee.Admin(addEmployee.java:32)
	at POM.addEmployee.Admin(addEmployee.java:32)
	at POM.addEmployee.Admin(addEmployee.java:32)
	at POM.addEmployee.Admin(addEmployee.java:32)
	at POM.addEmployee.Admin(addEmployee.java:32)
	at POM.addEmployee.Admin(addEmployee.java:32)
	at POM.addEmployee.Admin(addEmployee.java:32)
	at POM.addEmployee.Admin(addEmployee.java:32)
	at POM.addEmployee.Admin(addEmployee.java:32)
	at POM.addEmployee.Admin(addEmployee.java:32)
	at POM.addEmployee.Admin(addEmployee.java:32)
	at POM.addEmployee.Admin(addEmployee.java:32)
	at POM.addEmployee.Admin(addEmployee.java:32)
	at POM.addEmployee.Admin(addEmployee.java:32)
	at POM.addEmployee.Admin(addEmployee.java:32)
	at POM.addEmployee.Admin(addEmployee.java:32)
	at POM.addEmployee.Admin(addEmployee.java:32)
	at POM.addEmployee.Admin(addEmployee.java:32)
	at POM.addEmployee.Admin(addEmployee.java:32)
	at POM.addEmployee.Admin(addEmployee.java:32)
	at POM.addEmployee.Admin(addEmployee.java:32)
	at POM.addEmployee.Admin(addEmployee.java:32)
	at POM.addEmployee.Admin(addEmployee.java:32)
	at POM.addEmployee.Admin(addEmployee.java:32)
	at POM.addEmployee.Admin(addEmployee.java:32)
	at POM.addEmployee.Admin(addEmployee.java:32)
	at POM.addEmployee.Admin(addEmployee.java:32)
	at POM.addEmployee.Admin(addEmployee.java:32)
	at POM.addEmployee.Admin(addEmployee.java:32)
	at POM.addEmployee.Admin(addEmployee.java:32)
]]>
            </full-stacktrace>
          </exception> <!-- java.lang.StackOverflowError -->
          <reporter-output>
          </reporter-output>
        </test-method> <!-- addemployeeTest -->
      </class> <!-- TestModule1.addemployee -->
      <class name="TestModule1.Login">
        <test-method status="PASS" signature="setup()[pri:0, instance:TestModule1.Login@223d2c72]" name="setup" is-config="true" duration-ms="9629" started-at="2018-05-03T00:07:52Z" finished-at="2018-05-03T00:08:02Z">
          <reporter-output>
          </reporter-output>
        </test-method> <!-- setup -->
        <test-method status="PASS" signature="test(java.util.Hashtable)[pri:0, instance:TestModule1.Login@223d2c72]" name="test" duration-ms="3711" started-at="2018-05-03T00:08:02Z" data-provider="getdata" finished-at="2018-05-03T00:08:06Z">
          <params>
            <param index="0">
              <value>
                <![CDATA[{password=sunil123, username=sunil}]]>
              </value>
            </param>
          </params>
          <reporter-output>
          </reporter-output>
        </test-method> <!-- test -->
        <test-method status="PASS" signature="test(java.util.Hashtable)[pri:0, instance:TestModule1.Login@223d2c72]" name="test" duration-ms="3273" started-at="2018-05-03T00:08:06Z" data-provider="getdata" finished-at="2018-05-03T00:08:09Z">
          <params>
            <param index="0">
              <value>
                <![CDATA[{password=Rajiu13, username=Raju}]]>
              </value>
            </param>
          </params>
          <reporter-output>
          </reporter-output>
        </test-method> <!-- test -->
        <test-method status="FAIL" signature="test(java.util.Hashtable)[pri:0, instance:TestModule1.Login@223d2c72]" name="test" duration-ms="15487" started-at="2018-05-03T00:08:09Z" data-provider="getdata" finished-at="2018-05-03T00:08:25Z">
          <params>
            <param index="0">
              <value>
                <![CDATA[{password=admin, username=Admin}]]>
              </value>
            </param>
          </params>
          <exception class="org.openqa.selenium.NoSuchElementException">
            <message>
              <![CDATA[no such element: Unable to locate element: {"method":"id","selector":"txtUsername"}
  (Session info: chrome=66.0.3359.139)
  (Driver info: chromedriver=2.35.528161 (5b82f2d2aae0ca24b877009200ced9065a772e73),platform=Windows NT 10.0.10586 x86_64) (WARNING: The server did not provide any stacktrace information)
Command duration or timeout: 10.05 seconds
For documentation on this error, please visit: http://seleniumhq.org/exceptions/no_such_element.html
Build info: version: '2.53.0', revision: '35ae25b', time: '2016-03-15 16:57:40'
System info: host: 'DESKTOP-SHS08M3', ip: '192.168.43.17', os.name: 'Windows 8.1', os.arch: 'amd64', os.version: '6.3', java.version: '1.8.0_20'
Driver info: org.openqa.selenium.chrome.ChromeDriver
Capabilities [{applicationCacheEnabled=false, rotatable=false, mobileEmulationEnabled=false, networkConnectionEnabled=false, chrome={chromedriverVersion=2.35.528161 (5b82f2d2aae0ca24b877009200ced9065a772e73), userDataDir=C:\Users\sunil\AppData\Local\Temp\scoped_dir18252_1907}, takesHeapSnapshot=true, pageLoadStrategy=normal, databaseEnabled=false, handlesAlerts=true, hasTouchScreen=false, version=66.0.3359.139, platform=WIN8_1, browserConnectionEnabled=false, nativeEvents=true, acceptSslCerts=false, acceptInsecureCerts=false, locationContextEnabled=true, webStorageEnabled=true, browserName=chrome, takesScreenshot=true, javascriptEnabled=true, cssSelectorsEnabled=true, setWindowRect=true, unexpectedAlertBehaviour=}]
Session ID: 8dab44f2071974fbe172d38e265b581f
*** Element info: {Using=id, value=txtUsername}]]>
            </message>
            <full-stacktrace>
              <![CDATA[org.openqa.selenium.NoSuchElementException: no such element: Unable to locate element: {"method":"id","selector":"txtUsername"}
  (Session info: chrome=66.0.3359.139)
  (Driver info: chromedriver=2.35.528161 (5b82f2d2aae0ca24b877009200ced9065a772e73),platform=Windows NT 10.0.10586 x86_64) (WARNING: The server did not provide any stacktrace information)
Command duration or timeout: 10.05 seconds
For documentation on this error, please visit: http://seleniumhq.org/exceptions/no_such_element.html
Build info: version: '2.53.0', revision: '35ae25b', time: '2016-03-15 16:57:40'
System info: host: 'DESKTOP-SHS08M3', ip: '192.168.43.17', os.name: 'Windows 8.1', os.arch: 'amd64', os.version: '6.3', java.version: '1.8.0_20'
Driver info: org.openqa.selenium.chrome.ChromeDriver
Capabilities [{applicationCacheEnabled=false, rotatable=false, mobileEmulationEnabled=false, networkConnectionEnabled=false, chrome={chromedriverVersion=2.35.528161 (5b82f2d2aae0ca24b877009200ced9065a772e73), userDataDir=C:\Users\sunil\AppData\Local\Temp\scoped_dir18252_1907}, takesHeapSnapshot=true, pageLoadStrategy=normal, databaseEnabled=false, handlesAlerts=true, hasTouchScreen=false, version=66.0.3359.139, platform=WIN8_1, browserConnectionEnabled=false, nativeEvents=true, acceptSslCerts=false, acceptInsecureCerts=false, locationContextEnabled=true, webStorageEnabled=true, browserName=chrome, takesScreenshot=true, javascriptEnabled=true, cssSelectorsEnabled=true, setWindowRect=true, unexpectedAlertBehaviour=}]
Session ID: 8dab44f2071974fbe172d38e265b581f
*** Element info: {Using=id, value=txtUsername}
	at sun.reflect.NativeConstructorAccessorImpl.newInstance0(Native Method)
	at sun.reflect.NativeConstructorAccessorImpl.newInstance(NativeConstructorAccessorImpl.java:62)
	at sun.reflect.DelegatingConstructorAccessorImpl.newInstance(DelegatingConstructorAccessorImpl.java:45)
	at java.lang.reflect.Constructor.newInstance(Constructor.java:408)
	at org.openqa.selenium.remote.ErrorHandler.createThrowable(ErrorHandler.java:206)
	at org.openqa.selenium.remote.ErrorHandler.throwIfResponseFailed(ErrorHandler.java:158)
	at org.openqa.selenium.remote.RemoteWebDriver.execute(RemoteWebDriver.java:678)
	at org.openqa.selenium.remote.RemoteWebDriver.findElement(RemoteWebDriver.java:363)
	at org.openqa.selenium.remote.RemoteWebDriver.findElementById(RemoteWebDriver.java:413)
	at org.openqa.selenium.By$ById.findElement(By.java:218)
	at org.openqa.selenium.remote.RemoteWebDriver.findElement(RemoteWebDriver.java:355)
	at POM.LoginPage.Username(LoginPage.java:21)
	at TestModule1.Login.test(Login.java:30)
	at sun.reflect.NativeMethodAccessorImpl.invoke0(Native Method)
	at sun.reflect.NativeMethodAccessorImpl.invoke(NativeMethodAccessorImpl.java:62)
	at sun.reflect.DelegatingMethodAccessorImpl.invoke(DelegatingMethodAccessorImpl.java:43)
	at java.lang.reflect.Method.invoke(Method.java:483)
	at org.testng.internal.MethodInvocationHelper.invokeMethod(MethodInvocationHelper.java:85)
	at org.testng.internal.Invoker.invokeMethod(Invoker.java:639)
	at org.testng.internal.Invoker.invokeTestMethod(Invoker.java:816)
	at org.testng.internal.Invoker.invokeTestMethods(Invoker.java:1124)
	at org.testng.internal.TestMethodWorker.invokeTestMethods(TestMethodWorker.java:125)
	at org.testng.internal.TestMethodWorker.run(TestMethodWorker.java:108)
	at org.testng.TestRunner.privateRun(TestRunner.java:774)
	at org.testng.TestRunner.run(TestRunner.java:624)
	at org.testng.SuiteRunner.runTest(SuiteRunner.java:359)
	at org.testng.SuiteRunner.runSequentially(SuiteRunner.java:354)
	at org.testng.SuiteRunner.privateRun(SuiteRunner.java:312)
	at org.testng.SuiteRunner.run(SuiteRunner.java:261)
	at org.testng.SuiteRunnerWorker.runSuite(SuiteRunnerWorker.java:52)
	at org.testng.SuiteRunnerWorker.run(SuiteRunnerWorker.java:86)
	at org.testng.TestNG.runSuitesSequentially(TestNG.java:1215)
	at org.testng.TestNG.runSuitesLocally(TestNG.java:1140)
	at org.testng.TestNG.run(TestNG.java:1048)
	at org.testng.remote.AbstractRemoteTestNG.run(AbstractRemoteTestNG.java:114)
	at org.testng.remote.RemoteTestNG.initAndRun(RemoteTestNG.java:251)
	at org.testng.remote.RemoteTestNG.main(RemoteTestNG.java:77)
]]>
            </full-stacktrace>
          </exception> <!-- org.openqa.selenium.NoSuchElementException -->
          <reporter-output>
          </reporter-output>
        </test-method> <!-- test -->
        <test-method status="PASS" signature="treardown()[pri:0, instance:TestModule1.Login@223d2c72]" name="treardown" is-config="true" duration-ms="5059" started-at="2018-05-03T00:08:28Z" finished-at="2018-05-03T00:08:33Z">
          <reporter-output>
          </reporter-output>
        </test-method> <!-- treardown -->
      </class> <!-- TestModule1.Login -->
    </test> <!-- Test -->
  </suite> <!-- Suite -->
</testng-results>
