<?xml version="1.0" encoding="UTF-8"?>
<testng-results skipped="0" failed="0" total="10" passed="10">
  <reporter-output>
  </reporter-output>
  <suite name="Suite" duration-ms="106921" started-at="2018-05-06T05:21:34Z" finished-at="2018-05-06T05:23:21Z">
    <groups>
    </groups>
    <test name="Test" duration-ms="106921" started-at="2018-05-06T05:21:34Z" finished-at="2018-05-06T05:23:21Z">
      <class name="TestModule1.addemployee">
        <test-method status="PASS" signature="addemployeeTest(java.util.Hashtable)[pri:0, instance:TestModule1.addemployee@436813f3]" name="addemployeeTest" duration-ms="11280" started-at="2018-05-06T10:51:40Z" data-provider="add" finished-at="2018-05-06T10:51:51Z">
          <params>
            <param index="0">
              <value>
                <![CDATA[{confirmpassword=sunil123, password=sunil123, Empname=Russel Hamilton, Iteration=1.0, username=sunil}]]>
              </value>
            </param>
          </params>
          <reporter-output>
          </reporter-output>
        </test-method> <!-- addemployeeTest -->
        <test-method status="PASS" signature="addemployeeTest(java.util.Hashtable)[pri:0, instance:TestModule1.addemployee@436813f3]" name="addemployeeTest" duration-ms="9565" started-at="2018-05-06T10:51:51Z" data-provider="add" finished-at="2018-05-06T10:52:01Z">
          <params>
            <param index="0">
              <value>
                <![CDATA[{confirmpassword=john123, password=john123, Empname=Russel Hamilton, Iteration=2.0, username=johnJ}]]>
              </value>
            </param>
          </params>
          <reporter-output>
          </reporter-output>
        </test-method> <!-- addemployeeTest -->
        <test-method status="PASS" signature="addemployeeTest(java.util.Hashtable)[pri:0, instance:TestModule1.addemployee@436813f3]" name="addemployeeTest" duration-ms="9157" started-at="2018-05-06T10:52:01Z" data-provider="add" finished-at="2018-05-06T10:52:10Z">
          <params>
            <param index="0">
              <value>
                <![CDATA[{confirmpassword=hana123, password=hana123 , Empname=Russel Hamilton, Iteration=3.0, username=hanaj}]]>
              </value>
            </param>
          </params>
          <reporter-output>
          </reporter-output>
        </test-method> <!-- addemployeeTest -->
        <test-method status="PASS" signature="addemployeeTest(java.util.Hashtable)[pri:0, instance:TestModule1.addemployee@436813f3]" name="addemployeeTest" duration-ms="9378" started-at="2018-05-06T10:52:10Z" data-provider="add" finished-at="2018-05-06T10:52:19Z">
          <params>
            <param index="0">
              <value>
                <![CDATA[{confirmpassword=ferry123, password=ferry123, Empname=Russel Hamilton, Iteration=4.0, username=ferry}]]>
              </value>
            </param>
          </params>
          <reporter-output>
          </reporter-output>
        </test-method> <!-- addemployeeTest -->
        <test-method status="PASS" signature="addemployeeTest(java.util.Hashtable)[pri:0, instance:TestModule1.addemployee@436813f3]" name="addemployeeTest" duration-ms="10715" started-at="2018-05-06T10:52:19Z" data-provider="add" finished-at="2018-05-06T10:52:30Z">
          <params>
            <param index="0">
              <value>
                <![CDATA[{confirmpassword=maria123, password=maria123, Empname=Russel Hamilton, Iteration=5.0, username=maria}]]>
              </value>
            </param>
          </params>
          <reporter-output>
          </reporter-output>
        </test-method> <!-- addemployeeTest -->
        <test-method status="PASS" signature="addemployeeTest(java.util.Hashtable)[pri:0, instance:TestModule1.addemployee@436813f3]" name="addemployeeTest" duration-ms="13172" started-at="2018-05-06T10:52:30Z" data-provider="add" finished-at="2018-05-06T10:52:43Z">
          <params>
            <param index="0">
              <value>
                <![CDATA[{confirmpassword=jasmine123, password=jasmine123, Empname=Russel Hamilton, Iteration=6.0, username=jasmine}]]>
              </value>
            </param>
          </params>
          <reporter-output>
          </reporter-output>
        </test-method> <!-- addemployeeTest -->
        <test-method status="PASS" signature="addemployeeTest(java.util.Hashtable)[pri:0, instance:TestModule1.addemployee@436813f3]" name="addemployeeTest" duration-ms="9461" started-at="2018-05-06T10:52:43Z" data-provider="add" finished-at="2018-05-06T10:52:53Z">
          <params>
            <param index="0">
              <value>
                <![CDATA[{confirmpassword=sage123, password=sage123, Empname=Russel Hamilton, Iteration=7.0, username=sageme}]]>
              </value>
            </param>
          </params>
          <reporter-output>
          </reporter-output>
        </test-method> <!-- addemployeeTest -->
        <test-method status="PASS" signature="addemployeeTest(java.util.Hashtable)[pri:0, instance:TestModule1.addemployee@436813f3]" name="addemployeeTest" duration-ms="10222" started-at="2018-05-06T10:52:53Z" data-provider="add" finished-at="2018-05-06T10:53:03Z">
          <params>
            <param index="0">
              <value>
                <![CDATA[{confirmpassword=july123, password=july123, Empname=Russel Hamilton, Iteration=8.0, username=julyi}]]>
              </value>
            </param>
          </params>
          <reporter-output>
          </reporter-output>
        </test-method> <!-- addemployeeTest -->
      </class> <!-- TestModule1.addemployee -->
      <class name="TestModule1.Login">
        <test-method status="PASS" signature="setup()[pri:0, instance:TestModule1.Login@8f4ea7c]" name="setup" is-config="true" duration-ms="11387" started-at="2018-05-06T10:51:23Z" finished-at="2018-05-06T10:51:34Z">
          <reporter-output>
          </reporter-output>
        </test-method> <!-- setup -->
        <test-method status="PASS" signature="Logintest(java.util.Hashtable)[pri:0, instance:TestModule1.Login@8f4ea7c]" name="Logintest" duration-ms="5421" started-at="2018-05-06T10:51:34Z" data-provider="getdata" finished-at="2018-05-06T10:51:40Z">
          <params>
            <param index="0">
              <value>
                <![CDATA[{password=admin, username=Admin}]]>
              </value>
            </param>
          </params>
          <reporter-output>
          </reporter-output>
        </test-method> <!-- Logintest -->
        <test-method status="PASS" signature="treardown()[pri:0, instance:TestModule1.Login@8f4ea7c]" name="treardown" is-config="true" duration-ms="3001" started-at="2018-05-06T10:53:21Z" finished-at="2018-05-06T10:53:24Z">
          <reporter-output>
          </reporter-output>
        </test-method> <!-- treardown -->
      </class> <!-- TestModule1.Login -->
      <class name="TestModule1.Deleteemp">
        <test-method status="PASS" signature="DeleteAllEmp()[pri:0, instance:TestModule1.Deleteemp@74fe5c40]" name="DeleteAllEmp" duration-ms="18119" started-at="2018-05-06T10:53:03Z" finished-at="2018-05-06T10:53:21Z">
          <reporter-output>
          </reporter-output>
        </test-method> <!-- DeleteAllEmp -->
      </class> <!-- TestModule1.Deleteemp -->
    </test> <!-- Test -->
  </suite> <!-- Suite -->
</testng-results>
